Iteration	Posterior	Likelihood	Prior	rate01	rate_log_sd	tree_length
0	-64.03232	-78.66351	14.63119	0.3994587	0.2737466	0.8109359
6	-64.93925	-79.26689	14.32764	0.4016499	0.5358101	0.2591181
12	-70.31676	-85.29543	14.97867	0.3743458	0.06876781	0.3642036
18	-65.32712	-79.59447	14.26735	0.5951106	0.4176413	0.385301
24	-65.89734	-80.2009	14.30356	0.4830714	0.3484379	0.9309087
30	-62.69493	-77.43431	14.73939	0.5532193	0.03496992	0.4531819
36	-61.97024	-77.8038	15.83356	0.03503803	0.3412035	0.5429005
42	-61.52443	-76.3054	14.78097	0.1607016	0.2154648	1.300271
48	-59.80136	-75.18745	15.38609	0.1111132	0.3793152	0.6922763
54	-60.62068	-75.7093	15.08861	0.2926531	0.06457973	0.7832884
60	-62.29392	-77.91303	15.61911	0.1623548	0.002309872	0.5892612
66	-60.62347	-76.03323	15.40976	0.1623548	0.0001335648	0.915124
72	-60.47187	-75.45956	14.98769	0.4098243	0.000997995	0.6435762
78	-66.6913	-79.72453	13.03323	2.285396	0.1892496	0.7528301
84	-64.27466	-78.74285	14.46819	0.2183719	0.3836134	1.272778
90	-63.76453	-79.55976	15.79523	0.0410654	0.3398329	0.4201623
96	-66.36994	-79.95719	13.58725	0.9559446	0.6316337	0.3499011
102	-62.6639	-78.2053	15.54139	0.05061359	0.5580544	0.4672574
108	-67.13146	-81.19855	14.06709	0.3548852	1.060742	0.4525129
114	-66.74953	-81.75984	15.0103	0.1427696	0.6696259	0.6172044
120	-67.11719	-81.14454	14.02735	0.6738107	0.442209	0.8087371
126	-65.38811	-79.56793	14.17981	0.4149732	0.7844951	0.6739943
132	-65.26059	-79.89047	14.62988	0.4149732	0.3386521	0.6656685
138	-64.73273	-78.93341	14.20068	0.281267	0.9464882	0.2730805
144	-67.35395	-81.4594	14.10545	0.519478	0.7109352	0.4163813
150	-66.34386	-81.22834	14.88448	0.2019232	0.3481935	0.9707968
156	-65.85925	-82.06028	16.20103	0.02242452	0.005223232	0.6052542
162	-62.40263	-77.79437	15.39174	0.04818342	0.00083278	1.361546
168	-59.88828	-75.63727	15.749	0.08687356	0.1783032	0.4825028
174	-63.87806	-77.90956	14.0315	0.4305697	0.9513232	0.4697427
180	-60.09668	-76.15591	16.05922	0.0309527	0.1284673	0.4367863
186	-64.44819	-79.69609	15.24791	0.09712524	0.5755968	0.6927806
192	-65.56652	-80.7326	15.16609	0.08727243	0.3427447	1.105277
198	-67.57856	-80.71449	13.13594	0.8416181	0.3728842	1.491999
204	-71.64971	-84.98609	13.33638	1.148579	0.5054961	0.9392641
210	-69.89723	-84.78872	14.89149	0.09354055	0.1624441	1.45705
216	-68.7429	-83.88396	15.14106	0.009676954	0.7634812	0.9680442
222	-66.3458	-79.91744	13.57164	0.3099387	1.32119	0.1930126
228	-64.49642	-78.89501	14.39859	0.07483724	1.196102	0.1780913
234	-63.63788	-76.62265	12.98477	1.269285	0.9434569	0.349558
240	-61.88483	-76.21719	14.33236	0.235107	0.1356695	1.535162
246	-64.36875	-78.41028	14.04153	0.397328	0.0572793	1.535162
252	-63.15509	-78.04649	14.8914	0.3146617	0.2668528	0.6968389
258	-61.28841	-76.01066	14.72225	0.1868261	0.7593873	0.7194146
264	-62.90025	-77.65064	14.75038	0.4281785	0.2039325	0.6437715
270	-63.60852	-78.43775	14.82923	0.2912883	0.4448615	0.4968018
276	-64.83415	-79.63495	14.8008	0.1761194	0.7461333	0.366612
282	-59.90835	-75.18231	15.27396	0.2546772	0.07023285	0.6083601
288	-63.75292	-79.34937	15.59645	0.03729443	0.4104294	0.8394382
294	-59.91708	-75.28275	15.36567	0.205852	0.1312378	0.5342496
300	-62.47402	-76.50641	14.03239	0.6310232	0.4434619	0.8732767
306	-66.92247	-81.36378	14.44131	0.57359	0.1968583	0.7723802
312	-63.23442	-77.91522	14.6808	0.3573196	0.4006629	0.667587
318	-62.05465	-77.59286	15.53821	0.1335243	0.1041525	0.7509809
324	-59.58673	-75.50636	15.91963	0.03374155	0.2515217	0.4235685
330	-63.17043	-77.73221	14.56178	0.5165255	0.1605742	0.2972269
336	-63.86514	-79.02959	15.16445	0.1445416	0.3975301	0.2828332
342	-62.8134	-77.46433	14.65094	0.2228177	0.7974117	0.4681719
348	-61.87536	-77.3529	15.47754	0.02427883	0.5313328	0.8997986
354	-64.92297	-80.04591	15.12295	0.07312695	0.5313328	1.029693
360	-63.79016	-78.24216	14.452	0.1646438	0.04893025	1.665047
366	-64.50943	-79.44649	14.93707	0.06685262	0.7336014	1.042885
372	-59.6627	-75.13439	15.47169	0.01887168	0.7336014	0.3955335
378	-62.63723	-77.29604	14.65881	0.2221459	0.741735	0.67865
384	-63.50312	-78.08249	14.57937	0.3288844	0.1992023	1.09834
390	-61.48087	-76.97342	15.49255	0.08014802	0.339157	0.795679
396	-62.59385	-77.93487	15.34101	0.2522721	0.02927697	0.481566
402	-66.02247	-79.79675	13.77428	0.9840227	0.4711283	0.5279822
408	-62.21252	-76.83484	14.62231	0.4965421	0.1921111	0.6850895
414	-69.72632	-83.98008	14.25376	0.4307639	0.6872304	0.6620826
420	-64.78441	-78.6179	13.83349	1.453617	0.005129201	0.5186362
426	-64.74158	-79.38969	14.6481	0.6048443	0.009325901	0.6645488
432	-63.6888	-77.87287	14.18407	0.8367625	0.09889114	0.789389
438	-61.91566	-76.43378	14.51811	0.4394182	0.3283829	0.789389
444	-66.74776	-82.31026	15.5625	0.08539651	0.3706452	0.5271098
450	-67.7336	-81.89003	14.15642	0.03358161	1.857471	0.2615899
456	-65.5128	-79.90822	14.39543	0.1815501	1.173905	0.45748
462	-71.54815	-85.83207	14.28392	0.1306979	0.9771697	1.16754
468	-66.93847	-81.17522	14.23675	0.8648035	0.1200438	0.5969114
474	-60.60575	-75.35511	14.74935	0.09207387	1.155092	0.4854037
480	-68.39775	-82.39716	13.99941	0.55435	0.7774495	0.4854037
486	-61.72501	-77.17095	15.44594	0.1193091	0.1545346	0.8761825
492	-66.84397	-81.17563	14.33166	0.05106387	0.4771397	1.780273
498	-63.81948	-78.80632	14.98684	0.1615507	0.1180871	1.207639
504	-61.30074	-76.67333	15.37259	0.04722705	0.148428	1.261597
510	-65.47369	-80.81614	15.34245	0.03057155	0.8063664	0.6736866
516	-62.90013	-78.43934	15.53921	0.08692057	0.2442827	0.8186155
522	-59.70468	-74.44164	14.73696	0.1709116	0.7261552	0.8186155
528	-69.83819	-83.0566	13.21841	1.324062	0.721879	0.5008914
534	-71.02389	-83.44247	12.41858	2.495504	0.4160422	1.068119
540	-65.96174	-80.63861	14.67687	0.1325987	0.8240321	0.9307309
546	-59.45383	-74.7752	15.32137	0.1721281	0.04190043	0.9307309
552	-61.85502	-76.83076	14.97574	0.1585872	0.6033789	0.7099373
558	-61.99085	-76.6362	14.64535	0.0333112	1.428543	0.2989556
564	-64.47099	-77.74338	13.27239	1.880681	0.1647216	0.2989556
570	-63.01194	-77.79999	14.78805	0.1341914	0.1039565	1.455935
576	-61.16784	-76.99837	15.83053	0.05734994	0.192537	0.665197
582	-63.10681	-77.95647	14.84967	0.08277097	1.009205	0.7394341
588	-62.07167	-77.40367	15.332	0.00919507	0.7518909	0.7394341
594	-63.70717	-78.163	14.45582	0.4358814	0.4584291	0.6951503
600	-65.7191	-80.87718	15.15808	0.1879588	0.314731	0.7280021
606	-65.0587	-79.35333	14.29463	0.7280603	0.1597838	0.7294424
612	-64.54726	-78.35515	13.80789	0.4790836	1.090897	0.5111131
618	-63.61842	-79.34816	15.72973	0.05650772	0.308928	0.3814619
624	-72.80997	-86.45083	13.64086	0.8661254	0.5605554	0.8514544
630	-66.37039	-81.86519	15.4948	0.1222466	0.07098343	0.9027018
636	-69.29099	-82.36424	13.07325	1.360318	0.7366219	0.3072774
642	-61.37181	-77.16845	15.79664	0.0421554	0.3369195	0.5756982
648	-65.23608	-79.45752	14.22144	0.5713186	0.1839329	1.038523
654	-61.48665	-76.83658	15.34992	0.1736964	0.2430836	0.5531132
660	-65.85317	-80.04116	14.18799	0.64919	0.229996	0.9104329
666	-64.1645	-79.04242	14.87792	0.3165603	0.2817285	0.6865925
672	-70.88949	-85.9619	15.07241	0.02469247	0.09228539	1.613173
678	-63.20094	-78.75405	15.55311	0.07840142	0.152542	0.9528942
684	-62.99054	-77.03012	14.03958	0.4446706	0.4451228	1.156508
690	-66.51599	-79.4411	12.92511	1.434726	0.5781169	1.042616
696	-61.86594	-77.58627	15.72033	0.02856797	0.4847988	0.5227828
702	-63.24937	-77.36002	14.11065	0.3814291	0.9349391	0.3823696
708	-59.8103	-75.04012	15.22983	0.2063336	0.2103783	0.6893069
714	-60.20247	-76.07086	15.86839	0.04799052	0.1024277	0.8183778
720	-63.31017	-78.37326	15.06309	0.1465281	0.4778446	0.2740546
726	-68.11319	-83.3513	15.23811	0.1989973	0.1858855	0.751438
732	-61.3851	-76.24965	14.86455	0.3919221	0.09738495	0.3117333
738	-60.38861	-75.36288	14.97426	0.3335234	0.1546505	0.6737645
744	-65.03462	-79.91348	14.87886	0.3335234	0.2962916	0.4621119
750	-63.55377	-77.83372	14.27995	0.4419846	0.6584742	0.6217499
756	-63.92543	-78.23701	14.31158	0.3921895	0.3063866	1.125274
762	-65.84264	-79.62592	13.78328	0.4921827	1.003396	0.3165278
768	-76.35165	-89.50554	13.1539	1.477992	0.5769274	0.3165278
774	-64.82905	-78.55736	13.72831	1.044752	0.4468	0.5804805
780	-62.63732	-78.4837	15.84638	0.02723104	0.3129445	0.6787476
786	-66.71806	-80.51715	13.79909	0.4700224	1.051632	0.3419464
792	-64.81844	-79.80889	14.99045	0.1596681	0.5904607	0.3419464
798	-68.04144	-83.05276	15.01132	0.007087319	0.9818286	0.2898035
804	-67.55025	-82.45823	14.90797	0.1030765	0.9496511	0.5068321
810	-68.48533	-82.83482	14.3495	0.2291655	1.061804	0.6110324
816	-66.24997	-80.18594	13.93596	0.4874388	0.8172697	0.2853094
822	-67.84818	-80.74147	12.89329	2.695862	0.2221684	0.5193658
828	-66.29164	-81.68325	15.39161	0.1960711	0.1095773	0.6256438
834	-68.97538	-83.40375	14.42837	0.2615247	0.6833056	0.9257807
840	-67.84558	-83.35661	15.51103	0.08070859	0.4398848	0.551586
846	-64.95766	-79.97683	15.01917	0.1323747	0.4398848	0.9756266
852	-59.0991	-74.51734	15.41824	0.003625618	0.1176463	1.058513
858	-60.56395	-75.76947	15.20552	0.159449	0.3485287	0.7453464
864	-60.30936	-75.61451	15.30515	0.088573	0.5824053	0.6391877
870	-62.33544	-77.32422	14.98877	0.1205235	0.2894438	1.186547
876	-64.83098	-79.34173	14.51075	0.282282	0.7844355	0.4839653
882	-66.76025	-80.09296	13.33271	0.7102533	1.164805	0.3452624
888	-66.95859	-80.59556	13.63696	0.4853151	1.164805	0.3196341
894	-66.85082	-81.3902	14.53938	0.109736	0.9009865	0.1777261
900	-60.98203	-76.26818	15.28615	0.2221949	0.1478806	0.6015053
906	-70.4875	-84.95344	14.46594	0.2916471	0.2491678	1.228577
912	-60.25004	-75.35892	15.10888	0.1079882	0.3888411	1.032256
918	-62.75237	-77.57643	14.82406	0.2221119	0.6187304	0.4336909
924	-70.12925	-82.85863	12.72937	2.947122	0.2726522	0.4693314
930	-67.84996	-80.74953	12.89957	1.354791	0.7427461	0.2152315
936	-70.55172	-84.18924	13.63752	0.8599038	0.4182049	1.016221
942	-61.83304	-77.48876	15.65572	0.1094493	0.09321345	0.7313646
948	-62.82819	-78.3556	15.52741	0.01347192	0.673007	0.4095893
954	-66.11733	-82.03408	15.91675	0.04384342	0.1946979	0.3980006
960	-65.72206	-79.54684	13.82479	0.6392402	0.8155064	0.42367
966	-62.45064	-77.65559	15.20496	0.03409369	0.8155064	0.8411239
972	-69.60221	-82.3468	12.74459	0.7149051	1.37845	0.167323
978	-66.36286	-78.54458	12.18171	0.7149051	1.37845	0.080036
984	-69.70058	-83.24066	13.54008	0.2314179	1.726789	0.2679188
990	-70.3964	-85.54142	15.14502	0.08657873	0.6883816	0.7519667
996	-70.755	-85.86403	15.10903	0.0874481	0.7991375	0.4129275
1002	-60.61966	-75.13872	14.51906	0.539739	0.2637272	0.4129275
1008	-61.27002	-76.44604	15.17601	0.07268981	0.8157111	0.5288349
1014	-59.56917	-74.84787	15.27869	0.00535229	0.5893296	0.8551547
1020	-60.61194	-75.58106	14.96912	0.2039187	0.2188125	1.010014
1026	-70.0914	-81.46768	11.37628	2.356602	1.532573	0.1824832
1032	-70.24303	-83.56495	13.32192	0.7521457	0.08458516	1.644937
1038	-64.52328	-79.14484	14.62156	0.3260835	0.332367	0.9312189
1044	-69.22505	-82.65656	13.43151	0.6424195	0.9768215	0.9312189
1050	-65.26332	-78.76885	13.50553	0.7583368	0.6237	1.060084
1056	-64.92741	-79.64099	14.71357	0.04944796	0.2514114	1.676084
1062	-63.87497	-78.15394	14.27897	0.3755764	0.8037591	0.4411295
1068	-66.46617	-81.62883	15.16266	0.1600154	0.4186287	0.697818
1074	-62.81186	-78.35041	15.53855	0.0259858	0.3982992	0.9714277
1080	-67.42422	-81.46941	14.04519	0.577857	0.6940458	0.5357296
1086	-67.0015	-81.20237	14.20087	0.081551	1.689132	0.3439269
1092	-67.25368	-80.66925	13.41557	0.5938867	1.282219	0.4061607
1098	-61.72892	-77.18263	15.45371	0.1548936	0.190101	0.5987503
1104	-66.54519	-81.76335	15.21816	0.2006862	0.2378024	0.3479117
1110	-66.39767	-80.2497	13.85203	1.024491	0.3146203	0.3716957
1116	-70.86406	-84.46741	13.60335	0.9027975	0.2461116	1.16342
1122	-60.8533	-76.42743	15.57413	0.1522739	0.04908848	0.6691999
1128	-65.49854	-78.3601	12.86156	0.7896401	1.215162	0.1795299
1134	-64.02498	-78.16741	14.14242	0.6779518	0.2867359	0.8525513
1140	-66.33947	-81.074	14.73453	0.3465343	0.4156843	0.4974322
1146	-62.15763	-76.1063	13.94868	0.01325091	1.638388	0.12594
1152	-66.115	-78.37763	12.26263	0.1739005	2.334218	0.07922455
1158	-67.09985	-79.04519	11.94534	0.2181878	2.334218	0.06398224
1164	-65.2697	-78.91397	13.64427	0.1563201	1.119688	0.09028449
1170	-62.28654	-78.04155	15.75501	0.02990645	0.310395	0.8071321
1176	-60.87068	-76.84168	15.971	0.01085335	0.03309939	0.8774847
1182	-60.62699	-76.37259	15.7456	0.01085335	0.1484113	0.995739
1188	-68.10335	-82.61777	14.51442	0.01229577	0.5056619	1.710392
1194	-65.48186	-80.55237	15.07051	0.1548171	0.5885474	0.5345013
1200	-69.35847	-84.11725	14.75878	0.3355623	0.3760715	0.6527127
1206	-66.45261	-81.57174	15.11913	0.06371383	0.5552841	1.053902
1212	-62.20192	-77.79532	15.5934	0.06492801	0.1028098	1.027225
1218	-64.7635	-80.1244	15.3609	0.01668705	0.6073674	0.9535206
1224	-65.56672	-80.79959	15.23287	0.03461771	0.5848794	1.054164
1230	-68.94144	-84.06174	15.1203	0.1617426	0.516857	0.4830662
1236	-71.76452	-87.54391	15.77939	0.05119493	0.240607	0.7255487
1242	-62.11223	-76.9238	14.81158	0.380711	0.189628	0.7255487
1248	-62.1487	-76.98455	14.83585	0.1885843	0.2551261	1.143903
1254	-65.22456	-80.43934	15.21478	0.1248	0.4480275	0.7693067
1260	-63.95482	-79.20611	15.25129	0.1159914	0.2864753	0.959531
1266	-63.52228	-78.9086	15.38632	0.05585857	0.4218736	0.959531
1272	-58.89675	-74.46246	15.56571	0.0505774	0.5211013	0.4181585
1278	-63.49928	-77.9437	14.44442	0.512768	0.379882	0.6030345
1284	-64.18056	-77.86015	13.67959	0.5367533	0.241342	1.486729
1290	-67.04084	-82.40007	15.35923	0.09021436	0.5511183	0.5377801
1296	-64.06943	-78.73457	14.66514	0.3516363	0.4530172	0.6104217
1302	-63.21178	-78.98508	15.7733	0.02992684	0.3210262	0.7673769
1308	-71.73347	-85.94351	14.21004	0.565898	0.4432418	0.7673769
1314	-67.66997	-81.66887	13.9989	1.16244	0.004036132	0.7186763
1320	-74.44886	-87.82643	13.37757	1.929528	0.02283137	0.2939015
1326	-68.22932	-81.54279	13.31347	1.503795	0.3300332	0.2686251
1332	-68.48163	-81.28657	12.80494	1.503795	0.7182171	0.2131589
1338	-63.52941	-77.48502	13.95561	0.5002749	0.9021107	0.448251
1344	-58.31872	-73.8717	15.55298	0.07132789	0.4410631	0.448251
1350	-63.14149	-78.64706	15.50557	0.02026991	0.4034828	1.013562
1356	-71.35981	-85.23207	13.87226	0.4726826	1.011699	0.3944233
1362	-62.12521	-78.17065	16.04544	0.02878036	0.1591865	0.4816817
1368	-68.06426	-82.82414	14.75988	0.4791429	0.03583129	0.7628037
1374	-63.81388	-79.05566	15.24178	0.2753593	0.02466517	0.6676862
1380	-62.71735	-78.53529	15.81795	0.08852259	0.03453077	0.7078701
1386	-63.26272	-78.92724	15.66452	0.1132725	0.08325903	0.7078701
1392	-67.35819	-81.53351	14.17532	0.229604	0.7703205	1.166616
1398	-62.09224	-77.60221	15.50997	0.06739532	0.02272274	1.166616
1404	-65.26598	-80.12044	14.85447	0.1390939	0.4197111	1.12842
1410	-63.36543	-78.56821	15.20278	0.1639464	0.2936402	0.8052178
1416	-66.16666	-80.93118	14.76452	0.2216798	0.6415184	0.6705813
1422	-68.5388	-83.23648	14.69768	0.3394322	0.446933	0.4048814
1428	-73.87913	-89.09477	15.21565	0.1042265	0.6365038	0.5196907
1434	-62.88863	-77.77365	14.88502	0.2214124	0.2711865	0.9913195
1440	-63.05343	-78.781	15.72757	0.02099234	0.06623284	1.121078
1446	-62.39634	-77.87929	15.48295	0.1157676	0.04072681	0.9750341
1452	-61.38359	-77.34562	15.96203	0.04570422	0.1606594	0.54383
1458	-65.40077	-80.86446	15.46369	0.1505411	0.09983358	0.7762948
1464	-71.91412	-85.96297	14.04886	0.6388711	0.6043618	0.4831255
1470	-61.77163	-76.93737	15.16574	0.1081077	0.6705288	0.4831255
1476	-62.68901	-77.9706	15.28159	0.2496207	0.07091454	0.6213061
1482	-70.16936	-82.83073	12.66137	1.470635	0.8504226	0.2005112
1488	-63.31221	-78.56339	15.25118	0.1999621	0.2179158	0.3612861
1494	-66.7494	-82.13493	15.38553	0.1400356	0.2997797	0.3902573
1500	-66.29607	-81.2719	14.97583	0.1411009	0.3544413	1.070281
1506	-61.85448	-76.66887	14.81439	0.2765908	0.3466383	0.8241518
1512	-60.63751	-75.12884	14.49133	0.4223767	0.4050609	0.7631567
1518	-63.89662	-77.4871	13.59048	1.047547	0.5908968	0.5379716
1524	-63.07619	-78.3079	15.23172	0.06332234	0.4695425	1.029939
1530	-66.07644	-81.05459	14.97815	0.2478963	0.3932186	0.5780851
1536	-63.81158	-79.63059	15.81901	0.02020195	0.3500826	0.6947375
1542	-59.03981	-74.44248	15.40266	0.02186498	0.3535054	1.153234
1548	-70.26981	-85.27203	15.00221	0.216144	0.445385	0.6116474
1554	-63.66212	-78.62979	14.96767	0.1039292	0.2737505	1.274031
1560	-59.7683	-75.36068	15.59239	0.02624262	0.521069	0.7598971
1566	-66.42138	-81.47782	15.05645	0.01629675	1.028769	0.2774166
1572	-63.71527	-78.87393	15.15866	0.1641401	0.4463158	0.3968848
1578	-64.71885	-79.14441	14.42556	0.6050253	0.2101275	0.7044302
1584	-58.51516	-73.45285	14.93769	0.2648378	0.07947004	1.014696
1590	-61.07351	-76.27708	15.20357	0.02796755	0.02261909	1.560065
1596	-61.01785	-75.75422	14.73636	0.3796095	0.2260114	0.7862068
1602	-64.98572	-78.36369	13.37798	0.9524341	0.3910434	1.187722
1608	-63.59232	-78.58341	14.99109	0.07853679	0.01013253	1.547116
1614	-64.67472	-80.14667	15.47195	0.1608643	0.1029882	0.7038914
1620	-77.29486	-90.87215	13.57729	0.6159923	1.104072	0.5498242
1626	-67.25868	-81.57653	14.31785	0.2397753	1.072244	0.4212508
1632	-64.97033	-79.93873	14.9684	0.005011425	0.8064018	0.9371615
1638	-67.26513	-83.21977	15.95464	0.06680611	0.0632561	0.4586318
1644	-61.64125	-76.81019	15.16894	0.07089862	0.628154	0.8915623
1650	-73.50596	-87.61137	14.10541	0.8987059	0.1266204	0.7642116
1656	-67.07447	-82.25837	15.1839	0.1631442	0.2879651	0.8399568
1662	-65.42452	-80.62533	15.20081	0.1631442	0.2966151	0.8074365
1668	-64.46561	-79.94219	15.47658	0.05379994	0.4809956	0.7975083
1674	-65.97975	-81.2201	15.24035	0.2182138	0.2211943	0.4697142
1680	-63.56309	-79.09455	15.53146	0.119824	0.02893592	0.9191534
1686	-66.13988	-81.30218	15.1623	0.2399902	0.01583164	0.9145476
1692	-65.48416	-80.49715	15.01299	0.1089592	0.6783127	0.8158188
1698	-61.96938	-76.64223	14.67285	0.1142801	0.04992914	1.637759
1704	-66.42195	-81.4065	14.98455	0.09452988	0.6025981	1.000162
1710	-64.04726	-79.26938	15.22212	0.03229596	0.9577748	0.5768699
1716	-62.27841	-78.12722	15.84881	0.0119551	0.3565922	0.4642118
1722	-67.8479	-82.90574	15.05784	0.242576	0.3353469	0.5417565
1728	-64.64285	-79.67251	15.02966	0.2104099	0.4549508	0.4755317
1734	-65.00134	-79.96392	14.96259	0.2472604	0.4202716	0.4755317
1740	-67.73768	-81.09543	13.35775	1.728606	0.1744872	0.7779453
1746	-65.35661	-80.1774	14.82079	0.2404195	0.2688061	1.005787
1752	-63.35668	-78.4754	15.11871	0.133291	0.5363095	0.7329011
1758	-63.86834	-78.63892	14.77058	0.1718072	0.8320186	0.47045
1764	-65.67944	-79.99759	14.31815	0.001146975	0.9325683	0.4053001
1770	-63.07453	-78.42721	15.35268	0.00304794	0.4661515	0.5741776
1776	-64.6656	-79.31742	14.65182	0.004943993	1.358618	0.5569484
1782	-60.35607	-75.83742	15.48135	0.004105457	0.345371	0.7927154
1788	-63.58414	-77.15037	13.56624	1.079642	0.4848243	0.7616447
1794	-65.28514	-79.76253	14.47739	0.4377305	0.4848243	0.5719606
1800	-63.72707	-77.48733	13.76026	1.147763	0.2589899	0.3340689
1806	-64.45983	-77.84864	13.38881	1.372981	0.297424	0.2394968
1812	-67.72593	-81.08459	13.35865	1.873166	0.1188362	0.721834
1818	-65.13213	-79.71276	14.58063	0.1415891	1.095964	0.3849384
1824	-69.19464	-84.61818	15.42354	0.09378445	0.4629168	0.5776715
1830	-63.14856	-78.57034	15.42179	0.2123774	0.02104348	0.649328
1836	-65.23708	-79.9621	14.72501	0.4658117	0.1800717	0.5972519
1842	-76.43637	-90.16166	13.72529	0.8478206	0.2085025	0.1601664
1848	-71.79913	-85.72266	13.92353	1.143959	0.01678722	0.8307428
1854	-80.13734	-92.55235	12.41502	1.731548	1.144004	0.3210342
1860	-68.81534	-83.53056	14.71522	0.2658865	0.1071383	1.190791
1866	-66.10117	-81.59332	15.49214	0.1775108	0.005547893	0.3182112
1872	-59.95139	-75.3603	15.40891	0.08039553	0.5426774	0.4482734
1878	-60.77787	-75.80421	15.02634	0.1494555	0.6342803	0.6049782
1884	-61.60303	-76.57065	14.96762	0.1494555	0.6342803	0.3275274
1890	-62.34309	-76.71335	14.37026	0.6163975	0.2277253	0.7392236
1896	-61.87702	-77.22698	15.34996	0.143911	0.1478884	0.8881911
1902	-62.93287	-78.45676	15.52389	0.1037149	0.07586408	0.9469779
1908	-69.03826	-84.83212	15.79386	0.01371851	0.4221125	0.5485346
1914	-61.21573	-77.18139	15.96566	0.03440726	0.1474108	0.7078545
1920	-67.75943	-80.59581	12.83638	0.9452243	1.251041	0.246932
1926	-65.33462	-79.85893	14.52432	0.5765472	0.1510855	0.7081095
1932	-68.06492	-81.93499	13.87007	0.9517704	0.3513651	0.6911194
1938	-66.63614	-81.80125	15.16511	0.1231345	0.6100443	0.4705227
1944	-64.9	-78.95476	14.05475	0.2968683	1.183677	0.6137277
1950	-66.40358	-81.16849	14.76491	0.1433187	0.9306423	0.4462804
1956	-63.40021	-77.87045	14.47024	0.5075436	0.3448239	0.3768491
1962	-60.30958	-76.09696	15.78738	0.01673411	0.2405443	0.8882957
1968	-69.49187	-85.34066	15.84879	0.007046423	0.1554995	0.7760549
1974	-62.5726	-77.89801	15.32541	0.004723139	0.1304522	1.217776
1980	-60.98607	-76.1627	15.17663	0.228923	0.2403442	0.5964495
1986	-65.29432	-78.9608	13.66648	0.6385038	0.9441321	0.6627331
1992	-62.9259	-77.30624	14.38034	0.6385038	0.2627131	0.5788094
1998	-62.34382	-77.47173	15.12792	0.1468494	0.5611975	0.4941329
2004	-72.59703	-86.40789	13.81086	0.4391899	1.040365	0.2948748
2010	-66.32775	-80.8388	14.51105	0.3104392	0.6007057	0.2948748
2016	-63.44532	-79.19993	15.75461	0.02386376	0.04805692	1.107206
2022	-68.60327	-82.17324	13.56997	1.063153	0.2738922	1.018255
2028	-64.66082	-80.37736	15.71654	0.04751097	0.07545615	1.018255
2034	-67.99609	-81.82649	13.8304	0.702146	0.4288054	1.002765
2040	-68.04709	-83.03174	14.98465	0.03590104	0.551783	1.294547
2046	-66.19499	-81.16509	14.9701	0.3506062	0.1045461	0.7059644
2052	-66.49614	-81.29273	14.79659	0.1155605	0.8877293	0.2916266
2058	-63.08768	-78.53551	15.44783	0.007945694	0.4608573	0.9251794
2064	-64.78107	-80.68815	15.90708	0.03162941	0.1361224	0.8263949
2070	-64.10205	-79.34275	15.2407	0.04594431	0.2362567	1.302984
2076	-62.6459	-78.20743	15.56153	0.07653252	0.3910479	0.6141277
2082	-58.2395	-73.83053	15.59103	0.1212867	0.03661354	0.8341485
2088	-63.96834	-80.03165	16.06332	0.02455465	0.1126393	0.6636329
2094	-65.92463	-80.20536	14.28073	0.7812728	0.04815526	0.8146821
2100	-68.78172	-82.45907	13.67736	1.087466	0.4651547	0.4587635
2106	-67.15483	-81.98816	14.83333	0.123621	0.7878209	0.2713288
2112	-68.57003	-82.68139	14.11136	1.080467	0.00610145	0.6447228
2118	-62.00503	-77.25705	15.25202	0.1438648	0.4371883	0.5763966
2124	-75.00325	-88.08601	13.08276	0.1234289	1.97731	0.1126309
2130	-69.12364	-83.49415	14.37051	0.08162883	1.43749	0.277567
2136	-69.10155	-83.8105	14.70895	0.189477	0.8304079	0.435636
2142	-64.06352	-79.2481	15.18458	0.189477	0.3144725	0.6740059
2148	-69.47026	-83.41473	13.94447	0.6833283	0.4411398	0.895118
2154	-61.35377	-77.23638	15.88262	0.06312959	0.15556	0.4753072
2160	-64.70727	-79.58638	14.87911	0.06312959	0.2633577	1.496687
2166	-61.69928	-77.37997	15.68069	0.0594446	0.3611354	0.4163845
2172	-66.21405	-79.2056	12.99156	0.7195025	1.002577	0.1401184
2178	-68.31062	-83.48074	15.17012	0.02618616	0.9991059	0.3637503
2184	-62.33342	-77.97886	15.64544	0.04421693	0.4746258	0.5873209
2190	-64.51849	-79.77712	15.25863	0.1684806	0.3447715	0.4267458
2196	-67.61382	-82.30544	14.69162	0.1618708	0.9270575	0.602851
2202	-67.07256	-83.13022	16.05766	0.0261991	0.08351505	0.3318249
2208	-69.44505	-83.71004	14.26499	0.1974426	1.069863	0.8737511
2214	-65.02853	-80.24173	15.2132	0.01657844	1.003903	0.4250559
2220	-62.12876	-77.80641	15.67764	0.01318095	0.3951335	0.8190147
2226	-66.76327	-79.72093	12.95766	1.323691	0.3217076	1.313553
2232	-65.12238	-80.69793	15.57555	0.00259242	0.1473639	0.6329024
2238	-63.53957	-78.9002	15.36063	0.1036673	0.3452833	0.8251344
2244	-65.83523	-80.23734	14.4021	0.4197463	0.5954444	0.5624198
2250	-63.23239	-78.74032	15.50793	0.05023996	0.5755077	0.4062685
2256	-60.64711	-76.35304	15.70593	0.01019913	0.4618802	0.6073171
2262	-69.8096	-84.90728	15.09768	0.0703391	0.7313669	0.857367
2268	-62.96725	-78.1175	15.15025	0.1899422	0.2979033	0.7564165
2274	-61.94153	-77.25842	15.31689	0.2230899	0.07988283	0.6807855
2280	-68.94688	-82.43323	13.48635	0.9669715	0.2184657	1.229692
2286	-70.26906	-84.73992	14.47086	0.3059061	0.2396303	1.204213
2292	-84.28639	-96.45175	12.16536	4.107808	0.1339087	0.9615379
2298	-70.62745	-84.69396	14.06651	1.124887	0.03770964	0.4423486
2304	-67.32597	-81.20237	13.8764	0.6146839	0.5107173	0.9938981
2310	-66.1441	-80.30118	14.15707	0.4300509	0.5870588	0.9322964
2316	-69.40411	-82.21315	12.80904	2.163137	0.09771045	1.159727
2322	-64.44737	-78.92043	14.47306	0.3694193	0.2351363	1.084292
2328	-68.73139	-83.84201	15.11062	0.1935629	0.05386372	1.062692
2334	-63.67567	-78.05466	14.37899	0.3578122	0.3761333	1.062692
2340	-63.69984	-78.61393	14.91409	0.1531928	0.4135218	1.031986
2346	-66.20644	-81.76701	15.56057	0.1146396	0.1243344	0.7939372
2352	-62.55166	-77.3323	14.78064	0.3580088	0.2716554	0.7175248
2358	-63.27421	-78.99906	15.72485	0.01746181	0.4663036	0.6537838
2364	-64.55774	-78.73397	14.17623	0.01580266	1.755993	0.2069965
2370	-66.47282	-80.15629	13.68347	0.7409967	0.6967855	0.2804502
2376	-66.98101	-80.7902	13.80919	0.1828421	1.527489	0.2317632
2382	-60.96802	-75.86852	14.9005	0.06136558	0.9837512	0.265579
2388	-63.4423	-77.54729	14.10499	0.6185352	0.5566076	0.6090171
2394	-62.79018	-77.49304	14.70286	0.3179768	0.4919469	0.4117052
2400	-61.66146	-76.40574	14.74429	0.3064599	0.3738359	0.2929185
2406	-60.73767	-76.36663	15.62895	0.08748197	0.2513975	0.6650675
2412	-63.21128	-77.7754	14.56412	0.5148334	0.1730111	0.7617982
2418	-60.91674	-77.01251	16.09577	0.01135931	0.0987929	0.5648722
2424	-67.7496	-83.12799	15.37839	0.07666462	0.5653707	0.3858451
2430	-63.86432	-79.65524	15.79092	0.07784183	0.1601278	0.6012582
2436	-71.14244	-86.17563	15.0332	0.03726255	1.059672	0.7192851
2442	-65.22212	-81.16829	15.94617	0.0721624	0.01391931	0.6458423
2448	-68.02738	-81.88111	13.85373	0.5558917	0.9055907	0.4167979
2454	-67.9486	-82.77321	14.82461	0.004458188	1.056191	0.3080324
2460	-64.308	-79.62344	15.31544	0.005319916	0.7208904	0.4595485
2466	-63.03983	-78.73027	15.69044	0.01774214	0.5189648	0.6104522
2472	-68.66239	-84.01425	15.35185	0.01147511	0.85143	0.4893746
2478	-65.88882	-81.2164	15.32758	0.02331337	0.4406288	1.139583
2484	-67.09253	-82.96579	15.87327	0.01900293	0.3511035	0.4459558
2490	-66.429	-81.46249	15.0335	0.3389037	0.1202492	0.4242505
2496	-71.43589	-85.56664	14.13075	0.6495353	0.4897087	0.4096491
2502	-65.23419	-80.52693	15.29274	0.05270949	0.6837498	0.2971393
2508	-65.152	-80.81271	15.66071	0.107269	0.1666755	0.5847134
2514	-71.9562	-84.46306	12.50686	3.586445	0.2429058	0.503435
2520	-67.42382	-81.08853	13.6647	1.532963	0.08494432	0.3853128
2526	-67.21339	-83.21973	16.00634	0.0450462	0.1197668	0.4593118
2532	-64.18789	-79.13413	14.94624	0.2769096	0.3590639	0.4593118
2538	-64.86662	-79.26487	14.39825	0.211157	0.6813671	0.1738636
2544	-67.1639	-80.16286	12.99896	1.817437	0.5828443	0.4431618
2550	-65.16669	-80.72714	15.56046	0.1109453	0.2508799	0.5881562
2556	-67.215	-81.20892	13.99392	0.6870594	0.09657434	1.177161
2562	-63.43601	-78.6716	15.23559	0.230947	0.175306	0.4133161
2568	-60.8602	-76.53242	15.67222	0.0494303	0.1166764	1.011819
2574	-61.25751	-75.85134	14.59383	0.2970258	0.3907423	0.9686453
2580	-59.53838	-74.94817	15.40979	0.0449638	0.6550148	0.7029335
2586	-67.82333	-81.5394	13.71607	0.4363894	0.7836688	1.156427
2592	-62.42846	-77.4979	15.06944	0.2032158	0.2847946	0.8293831
2598	-60.93944	-75.8921	14.95266	0.343319	0.1119375	0.7468905
2604	-61.87263	-77.24023	15.36759	0.07207418	0.6281214	0.4838235
2610	-61.57112	-77.03853	15.46741	0.02803391	0.2622999	1.160043
2616	-66.54894	-80.13755	13.5886	0.7316411	0.9225561	0.606609
2622	-65.56824	-79.23894	13.67069	0.2625312	1.311282	0.1854636
2628	-61.69243	-76.93841	15.24597	0.01273284	0.864555	0.3053959
2634	-71.71172	-86.71277	15.00105	0.01941951	1.125571	0.3053959
2640	-65.12389	-80.29089	15.167	0.08945979	0.6737844	0.3298955
2646	-65.99787	-80.12305	14.12518	0.7035264	0.4401445	0.5298524
2652	-65.20944	-79.39345	14.184	0.4749916	0.0201532	1.34612
2658	-63.25985	-77.94554	14.6857	0.4976523	0.09414799	0.7400296
2664	-66.57361	-80.65714	14.08353	0.6926123	0.49465	0.5402789
2670	-66.53389	-81.74701	15.21312	0.03931136	0.7397778	0.8918693
2676	-62.63856	-78.419	15.78044	0.03420662	0.3651874	0.6473921
2682	-65.90446	-81.48312	15.57866	0.1007428	0.01831933	0.963013
2688	-65.04529	-80.44989	15.40461	0.2175395	0.03278675	0.6277752
2694	-68.95997	-82.69844	13.73847	0.6780491	0.5813885	0.9734378
2700	-65.04595	-79.07981	14.03386	0.6780491	0.5079132	0.6914815
2706	-63.49735	-78.63675	15.1394	0.2585443	0.2153963	0.4978938
2712	-67.24913	-80.35825	13.10912	0.8436408	1.120949	0.2637065
2718	-69.84517	-82.69656	12.85138	0.6681388	1.555354	0.2432406
2724	-64.75245	-78.6769	13.92445	0.8867715	0.2763674	0.2746627
2730	-61.04628	-75.69738	14.6511	0.3465155	0.444366	0.3522117
2736	-63.95312	-77.87462	13.9215	0.8024167	0.523277	0.4917677
2742	-62.79736	-77.60612	14.80876	0.2737908	0.4732456	0.6430204
2748	-63.26715	-78.81327	15.54612	0.01325043	0.4060084	0.9578447
2754	-65.67674	-81.43531	15.75858	0.09873653	0.1122471	0.5529531
2760	-62.28624	-76.65242	14.36618	0.3381195	0.7170656	0.3211723
2766	-63.24821	-79.19223	15.94402	0.02987787	0.2452067	0.5803602
2772	-65.33172	-80.15798	14.82626	0.296283	0.4243731	0.5803602
2778	-62.37284	-76.50188	14.12904	0.7091581	0.05733118	1.064533
2784	-64.81977	-79.09898	14.27921	0.5466909	0.2689468	0.9316803
2790	-66.79986	-82.65791	15.85805	0.1010984	0.007982337	0.4979949
2796	-59.88649	-75.89498	16.00849	0.05923203	0.007846702	0.6598722
2802	-64.71197	-80.5063	15.79434	0.1008272	0.02925594	0.6625141
2808	-66.04837	-80.91624	14.86787	0.03203022	0.06055429	1.761278
2814	-62.15706	-77.41586	15.2588	0.01450589	0.9325346	0.3827847
2820	-61.95869	-77.711	15.75231	0.04363627	0.3843196	0.5013077
2826	-64.20679	-79.31223	15.10544	0.2962073	0.07809318	0.7258375
2832	-65.16999	-80.20194	15.03196	0.274032	0.2691265	0.4188383
2838	-65.93898	-79.13923	13.20025	1.020689	0.8935815	0.2958346
2844	-61.0828	-75.46367	14.38088	0.6851727	0.1070327	0.7627076
2850	-60.69055	-76.22428	15.53373	0.09203795	0.303064	0.3372907
2856	-63.0153	-77.76525	14.74995	0.01417075	1.396905	0.3297641
2862	-63.11524	-78.05154	14.9363	0.0282738	1.20675	0.3415378
2868	-69.47342	-80.75218	11.27876	7.4891	0.3917641	0.3714085
2874	-66.11668	-79.25017	13.13349	1.477725	0.6877686	0.49682
2880	-64.25669	-78.20446	13.94777	0.7682568	0.4998753	0.3743222
2886	-65.29739	-78.8817	13.58431	1.269383	0.3386465	0.6977431
2892	-65.62336	-79.67787	14.05451	0.6805278	0.3967422	0.8208448
2898	-67.93292	-82.10444	14.17152	0.4045757	0.8063949	0.6855414
2904	-65.70352	-80.77436	15.07084	0.2754481	0.1863512	0.6850219
2910	-64.20349	-79.81017	15.60668	0.1590476	0.03607846	0.4560962
2916	-61.51851	-77.14327	15.62475	0.06440574	0.03050027	1.068826
2922	-63.05548	-78.7619	15.70642	0.1215947	0.01059765	0.7041647
2928	-63.7663	-78.71376	14.94746	0.3262756	0.2308803	0.5939346
2934	-67.55709	-82.89184	15.33475	0.04951037	0.7567764	0.5939346
2940	-64.56849	-78.68972	14.12123	0.6713604	0.4461226	0.6594374
2946	-64.93586	-79.6055	14.66964	0.417428	0.2604899	0.3267156
2952	-68.56035	-82.90664	14.34628	0.5214552	0.4466394	0.6465414
2958	-63.93851	-78.71184	14.77333	0.07460193	1.210898	0.5058989
2964	-62.4571	-76.9625	14.50541	0.6397491	0.1259222	0.6102889
2970	-64.01425	-77.61144	13.5972	1.213816	0.3952121	0.6549972
2976	-62.29086	-77.19373	14.90287	0.282348	0.3527104	0.6549972
2982	-65.7541	-79.73266	13.97856	0.3720924	1.080254	0.3738199
2988	-62.54398	-78.37631	15.83233	0.0777094	0.1324747	0.5514505
2994	-65.98035	-81.00493	15.02458	0.1962628	0.4249304	0.3274094
3000	-65.22843	-79.47379	14.24536	0.3619555	0.08418493	1.414004
3006	-64.64421	-79.98954	15.34533	0.06914351	0.2765763	1.078556
3012	-62.08707	-76.82239	14.73532	0.06244675	1.076894	0.9203704
3018	-60.92141	-76.48994	15.56853	0.08731834	0.2229635	0.8059002
3024	-62.8618	-78.04808	15.18628	0.1778176	0.3590765	0.654358
3030	-63.91367	-79.012	15.09832	0.1476732	0.5810626	0.4436144
3036	-65.5683	-79.77011	14.20181	0.2249308	1.194362	0.3601501
3042	-62.08545	-76.9857	14.90026	0.2212632	0.4243911	0.8002552
3048	-62.93438	-78.15292	15.21854	0.130193	0.4012971	0.8002552
3054	-64.28383	-79.27532	14.9915	0.03726062	0.7118852	1.147631
3060	-59.9293	-75.3872	15.4579	0.08129323	0.2327065	0.9547003
3066	-59.52813	-74.64561	15.11748	0.1235097	0.3350184	1.016037
3072	-66.44433	-80.79501	14.35068	0.6081444	0.3401266	0.4452999
3078	-63.12403	-77.36842	14.24438	0.4405915	0.6983157	0.3986907
3084	-63.62147	-78.41494	14.79348	0.3413365	0.3130472	0.6842432
3090	-61.78865	-77.17588	15.38723	0.04792531	0.4734798	0.9461213
3096	-63.01791	-79.01143	15.99352	0.0136762	0.1784719	0.6716739
3102	-65.79861	-81.18906	15.39046	0.06102818	0.5863211	0.7160976
3108	-64.57827	-79.0604	14.48213	0.6473463	0.09398625	0.7042208
3114	-62.8584	-77.97962	15.12123	0.2027397	0.2729957	0.7783299
3120	-60.41964	-76.12381	15.70417	0.03097797	0.1754654	1.009781
3126	-63.3078	-78.19899	14.8912	0.2226226	0.3326446	0.9166402
3132	-64.48594	-79.02193	14.53599	0.5876119	0.09312064	0.3099627
3138	-69.76973	-84.982	15.21227	0.1290438	0.4927046	0.3588733
3144	-68.33236	-81.7988	13.46643	1.612839	0.2260573	0.3842819
3150	-62.74992	-77.4662	14.71628	0.1628843	0.9053939	0.5823411
3156	-59.30329	-74.67988	15.37659	0.02350564	0.846452	0.4972255
3162	-62.95177	-77.91749	14.96572	0.2193495	0.4645451	0.6326099
3168	-62.2009	-77.74739	15.54649	0.04158766	0.4638949	0.8084666
3174	-61.95178	-76.92582	14.97404	0.08270852	0.5822633	1.080515
3180	-65.63034	-80.57231	14.94197	0.4353304	0.02951666	0.5492049
3186	-63.17624	-78.26642	15.09018	0.01821424	0.5265115	1.275198
3192	-65.23864	-79.91069	14.67205	0.5605612	0.03592297	0.6934047
3198	-62.05461	-76.70575	14.65114	0.5745587	0.02872154	0.7055738
3204	-60.78975	-76.5595	15.76975	0.1039234	0.0176771	0.7055738
3210	-65.22181	-79.4163	14.19449	0.7167568	0.2039475	0.8279616
3216	-64.10063	-78.99463	14.894	0.3309536	0.2177835	0.7144433
3222	-68.56078	-82.78747	14.2267	0.4832205	0.5264564	0.8116705
3228	-68.8543	-83.56182	14.70751	0.2607347	0.5074869	0.8055938
3234	-64.68864	-80.15799	15.46935	0.187743	0.08253853	0.4697995
3240	-61.93322	-77.41735	15.48413	0.1014655	0.3376233	0.6607482
3246	-63.28757	-78.94957	15.662	0.1319558	0.0791238	0.5345725
3252	-63.35227	-77.24786	13.89559	1.044083	0.2293575	0.6982392
3258	-70.56751	-85.58715	15.01964	0.1960346	0.4978419	0.5776065
3264	-65.51735	-80.60521	15.08786	0.1387445	0.4901495	0.8135704
3270	-65.70373	-80.88096	15.17723	0.2233998	0.15731	0.7785773
3276	-63.82169	-78.6378	14.81611	0.2516918	0.3610058	0.8807992
3282	-64.45852	-78.68004	14.22151	0.589216	0.3797138	0.7913958
3288	-63.43732	-78.29584	14.85853	0.09385395	0.4009611	1.294407
3294	-62.64462	-77.53843	14.8938	0.1842174	0.3510856	1.012951
3300	-62.96922	-77.58787	14.61865	0.3312666	0.1795112	1.075373
3306	-60.90375	-76.57379	15.67004	0.02636102	0.2254084	1.011899
3312	-61.23558	-77.05825	15.82267	0.01749974	0.08908785	1.011899
3318	-65.40968	-80.40051	14.99083	0.03283098	0.4281023	1.399183
3324	-63.35104	-78.37883	15.02779	0.0943618	0.3383953	1.203579
3330	-68.68811	-81.72633	13.03821	2.259416	0.1966426	0.7549102
3336	-65.98779	-79.81045	13.82266	0.8894295	0.3489179	0.2595708
3342	-61.55841	-75.37057	13.81217	0.7215154	0.7298986	0.5311293
3348	-63.98801	-76.75236	12.76434	3.054089	0.1831501	0.4292959
3354	-60.27164	-74.98758	14.71594	0.2277913	0.5560883	0.8441676
3360	-60.50365	-75.6412	15.13755	0.04185051	0.7979953	0.8974369
3366	-63.17399	-78.38894	15.21496	0.008391377	0.9201346	0.605616
3372	-64.46835	-79.1148	14.64644	0.2363287	0.6461762	0.2928551
3378	-62.03428	-76.96325	14.92897	0.07621536	1.007346	0.3709905
3384	-64.12337	-77.22266	13.09929	0.8434305	1.266943	0.3851638
3390	-62.21806	-77.67272	15.45466	0.01711436	0.4521706	1.016448
3396	-65.97634	-79.7198	13.74347	1.43727	0.09843366	0.4333952
3402	-69.70843	-83.93088	14.22245	0.4489813	0.1348545	1.258686
3408	-63.25265	-78.20984	14.95719	0.2379678	0.1246597	1.019937
3414	-68.33003	-81.86976	13.53973	0.854668	0.8335444	0.4278751
3420	-64.51448	-79.61495	15.10048	0.1493182	0.3818865	0.8839523
3426	-63.83237	-79.04324	15.21087	0.03182282	0.9108181	0.7127977
3432	-62.46178	-77.73662	15.27484	0.1759734	0.2152642	0.7593327
3438	-63.50922	-77.48351	13.97429	0.4661228	0.9161389	0.385797
3444	-69.13544	-83.84936	14.71391	0.06952786	1.288145	0.4457497
3450	-67.52639	-81.98253	14.45614	0.1245951	1.309834	0.450025
3456	-67.79043	-82.07194	14.28151	0.4183197	0.7230981	0.5383551
3462	-64.72299	-79.75566	15.03266	0.04375377	0.9509499	0.8290619
3468	-64.79997	-80.47613	15.67616	0.08662896	0.2080176	0.3648177
3474	-74.07897	-88.58683	14.50786	0.2180755	0.8481767	0.3022838
3480	-66.54193	-82.28894	15.74701	0.04363884	0.2312848	0.8364278
3486	-58.25621	-73.7129	15.45669	0.004172755	0.1094402	1.08123
3492	-62.92499	-77.65508	14.7301	0.001816755	0.2893945	1.216549
3498	-62.06465	-77.61072	15.54607	0.01277858	0.5947247	0.7175217
3504	-68.97363	-83.92867	14.95504	0.009757455	0.3018757	1.517182
3510	-64.74241	-79.71306	14.97065	0.2154585	0.2031655	0.9905911
3516	-59.53132	-75.29303	15.76171	0.07380942	0.2253656	0.4784283
3522	-57.78169	-73.25693	15.47524	0.08620796	0.2265778	0.9187554
3528	-64.59769	-79.62943	15.03174	0.2289801	0.4013164	0.5119526
3534	-61.2927	-76.94258	15.64988	0.06320338	0.3236497	0.7035122
3540	-62.9036	-77.09164	14.18803	0.4506111	0.7527175	0.5651179
3546	-65.0054	-79.42792	14.42252	0.2521893	0.6923051	0.948131
3552	-62.72681	-77.54619	14.81938	0.4184362	0.1858212	0.5322539
3558	-66.21175	-80.07046	13.8587	0.3804631	0.292192	1.521071
3564	-63.50166	-78.98213	15.48047	0.03751511	0.1921052	1.173623
3570	-66.65222	-81.18705	14.53483	0.3462846	0.1516018	1.147551
3576	-61.2681	-76.20096	14.93286	0.3462846	0.09362282	0.7923092
3582	-61.43444	-76.53508	15.10064	0.1936677	0.07873819	1.048235
3588	-66.47562	-80.57243	14.09681	0.7821091	0.01602723	1.048235
3594	-60.18591	-75.43557	15.24966	0.2467994	0.07766691	0.6901203
3600	-60.22225	-76.33177	16.10952	0.02851644	0.001340064	0.7514126
3606	-64.1331	-79.2089	15.0758	0.3682463	0.01734294	0.5813509
3612	-65.97684	-81.21218	15.23533	0.03979268	0.571701	1.040883
3618	-64.23347	-79.32058	15.08711	0.1375064	0.5702728	0.7033786
3624	-64.52163	-79.16321	14.64158	0.1791119	0.8999965	0.3725734
3630	-60.32622	-75.27893	14.9527	0.1094397	0.2631592	1.276337
3636	-61.75541	-77.37764	15.62222	0.0678802	0.09375372	0.9934804
3642	-62.5288	-77.34044	14.81164	0.1889763	0.4379856	0.9934804
3648	-62.22852	-77.14095	14.91243	0.2002176	0.5970591	0.5584842
3654	-68.62226	-81.44179	12.81954	1.667142	0.8519545	0.5935457
3660	-69.51356	-82.07576	12.56221	0.9094158	1.188275	0.1359564
3666	-65.71222	-80.04178	14.32956	0.1687965	1.188275	0.3113125
3672	-67.70707	-83.20357	15.49649	0.06034768	0.2691215	0.9804634
3678	-71.33379	-86.34466	15.01087	0.09449407	0.881895	0.5283968
3684	-61.34878	-76.18405	14.83526	0.1589254	0.8113971	0.482683
3690	-62.59633	-76.98836	14.39203	0.6566184	0.1417428	0.3120046
3696	-64.21153	-79.95301	15.74148	0.04019963	0.4106797	0.4736946
3702	-66.50616	-81.00583	14.49967	0.721648	0.03577072	0.5672808
3708	-63.9037	-79.08002	15.17631	0.2099909	0.2695656	0.3698887
3714	-62.07264	-76.34067	14.26803	0.5008848	0.588961	0.4494726
3720	-62.94326	-78.74843	15.80517	0.03754066	0.3059506	0.3515692
3726	-66.82235	-81.91297	15.09061	0.2206911	0.3614438	0.5483143
3732	-70.14209	-85.70468	15.5626	0.04343555	0.3709978	0.8907422
3738	-68.3455	-83.84701	15.5015	0.04106469	0.4753154	0.8538327
3744	-67.15359	-82.23791	15.08432	0.07107592	0.8602235	0.6873401
3750	-58.66704	-73.9007	15.23366	0.210471	0.1450397	0.7682207
3756	-62.81199	-78.03895	15.22696	0.2525635	0.08849022	0.352232
3762	-62.47412	-76.9579	14.48378	0.3714188	0.5151887	0.757646
3768	-61.1292	-75.74126	14.61206	0.3759507	0.4226904	0.3522609
3774	-60.41241	-75.48654	15.07413	0.05138582	0.9769067	0.3622425
3780	-60.75706	-75.86541	15.10834	0.171129	0.4032565	0.750736
3786	-61.45229	-76.34139	14.88911	0.380199	0.1148824	0.7226974
3792	-68.41329	-83.04424	14.63095	0.1583977	0.4264692	1.256607
3798	-72.25811	-85.63316	13.37504	0.451031	0.5195059	1.611922
3804	-61.63439	-77.38276	15.74837	0.03691591	0.0756915	1.037827
3810	-65.97602	-81.22273	15.24671	0.09466338	0.3015024	1.037827
3816	-65.64344	-81.28125	15.63781	0.07791314	0.2989362	0.6375183
3822	-66.5526	-81.17484	14.62223	0.4737769	0.2781124	0.4402661
3828	-59.58483	-75.32168	15.73685	0.08439549	0.1865289	0.4165431
3834	-63.36624	-77.95341	14.58718	0.3310131	0.5795003	0.4134555
3840	-64.24343	-79.57898	15.33555	0.1213129	0.3927016	0.6861033
3846	-69.70523	-85.1587	15.45347	0.01972408	0.5370569	0.2286847
3852	-70.2756	-83.21357	12.93797	1.329442	0.8550736	0.2780521
3858	-65.89144	-80.84976	14.95833	0.1803943	0.6094397	0.5703339
3864	-61.40789	-77.06564	15.65775	0.03003914	0.2277077	1.007906
3870	-63.5771	-77.84014	14.26304	0.6264664	0.06500566	1.035644
3876	-63.97808	-79.63673	15.65865	0.050759	0.4340502	0.4384426
3882	-62.78046	-78.33722	15.55676	0.02730835	0.6471391	0.4431619
3888	-70.78839	-83.0228	12.23441	1.598424	1.226707	0.2152879
3894	-65.64153	-80.68858	15.04705	0.02260098	0.3320797	1.458306
3900	-63.77076	-77.35578	13.58502	0.1142561	1.646345	0.1347751
3906	-61.23207	-76.72473	15.49267	0.0556702	0.4704797	0.2982222
3912	-62.50378	-77.92619	15.4224	0.1335453	0.1882716	0.7957205
3918	-65.77996	-81.13095	15.35099	0.03248484	0.2787833	1.230156
3924	-65.19818	-80.58219	15.38402	0.09164134	0.4593829	0.6997343
3930	-65.73477	-80.22216	14.48739	0.217014	0.9767401	0.5378993
3936	-65.5099	-79.76257	14.25267	0.3383368	0.5179994	1.086678
3942	-62.64286	-78.3996	15.75674	0.0730481	0.2340897	0.5203205
3948	-70.53724	-83.86785	13.33062	1.448188	0.5127374	0.4960033
3954	-63.42325	-77.60282	14.17957	0.894581	0.1417159	0.4078559
3960	-66.69386	-80.48573	13.79188	1.148608	0.1485389	0.8253166
3966	-62.41946	-77.2551	14.83564	0.3811003	0.1999598	0.3665098
3972	-67.68023	-82.03044	14.35021	0.743858	0.08152074	0.7339639
3978	-63.02079	-77.97978	14.959	0.3798137	0.08216809	0.6563333
3984	-65.89943	-79.78279	13.88336	0.8130623	0.5487845	0.5121034
3990	-61.32622	-76.91122	15.58501	0.07716446	0.1320734	0.9469023
3996	-64.11791	-77.9614	13.8435	1.118301	0.01875613	0.9469023
4002	-61.38421	-76.27408	14.88987	0.3437341	0.01109291	0.9469023
4008	-66.16058	-81.47892	15.31834	0.0750291	0.5922682	0.3337882
4014	-64.5049	-79.38135	14.87645	0.2432579	0.2899684	0.9178321
4020	-61.64907	-76.92984	15.28077	0.09953826	0.5570636	0.6438019
4026	-61.00426	-76.49864	15.49438	0.01294761	0.6896298	0.6368918
4032	-62.78801	-77.0899	14.30189	0.6378455	0.3376945	0.5937147
4038	-64.43693	-79.18716	14.75023	0.3299358	0.1796467	0.947869
4044	-64.50925	-78.58818	14.07893	0.4308494	0.8288995	0.3291558
4050	-64.84838	-79.36745	14.51908	0.09000919	1.147217	0.9388789
4056	-63.32334	-76.49787	13.17453	1.694776	0.3785495	0.7801444
4062	-61.47722	-76.53552	15.0583	0.1376943	0.65212	0.5806053
4068	-64.72082	-79.77939	15.05858	0.06208306	0.1297131	1.465975
4074	-61.36914	-76.41113	15.04199	0.1540186	0.4438524	0.8606886
4080	-63.56204	-78.66515	15.10311	0.05389627	0.803867	0.8606886
4086	-63.14065	-77.09644	13.95579	0.8293632	0.2049646	0.9443517
4092	-67.84679	-82.13944	14.29265	0.671644	0.1139314	0.8889687
4098	-67.46017	-81.54887	14.0887	0.6924763	0.1180296	1.065791
4104	-64.14717	-79.95633	15.80916	0.02788988	0.3500304	0.6743301
4110	-64.19623	-79.13223	14.93599	0.2860257	0.3438122	0.4436472
4116	-73.22287	-84.093	10.87013	10.08826	0.2612507	0.293109
4122	-63.02994	-77.22105	14.19111	0.813479	0.2367902	0.5463759
4128	-62.50029	-76.3007	13.80041	0.7435411	0.6717692	0.3659484
4134	-65.53597	-80.30157	14.7656	0.304338	0.3284677	0.8253333
4140	-65.01246	-79.22356	14.2111	0.6899638	0.1292321	0.9353766
4146	-61.21319	-76.39253	15.17934	0.1602601	0.2134023	0.9413638
4152	-64.93039	-80.16743	15.23705	0.05054393	0.2393157	1.284661
4158	-62.63951	-77.82963	15.19012	0.1097068	0.01450258	1.284661
4164	-62.33796	-77.97876	15.6408	0.05608993	0.1016267	1.02469
4170	-64.49112	-79.83411	15.34298	0.05608993	0.2029953	1.203215
4176	-66.10859	-81.61002	15.50144	0.02127651	0.6350912	0.7454318
4182	-63.25165	-78.382	15.13035	0.08717058	0.184023	1.273619
4188	-62.58176	-77.69549	15.11373	0.1146102	0.4482557	0.9397683
4194	-62.34237	-77.50082	15.15845	0.06761868	0.7402112	0.7850148
4200	-61.97338	-77.21254	15.23916	0.04172071	0.9056365	0.4746918
4206	-67.32798	-83.26211	15.93413	0.01329365	0.04870383	0.9253877
4212	-64.90282	-80.46506	15.56224	0.006640417	0.5378981	0.5325602
4218	-69.50529	-85.13455	15.62927	0.009067177	0.4661317	0.7171942
4224	-72.19414	-87.33137	15.13722	0.02464416	0.9263105	0.8339037
4230	-67.81437	-82.96247	15.1481	0.01816418	1.026047	0.3499873
4236	-62.86703	-78.54181	15.67478	0.1099872	0.1503688	0.546164
4242	-67.32988	-81.04539	13.7155	1.023169	0.009337057	1.164036
4248	-67.90841	-80.30987	12.40146	3.793107	0.2473073	0.3931526
4254	-63.43587	-77.90723	14.47136	0.7492937	0.03326344	0.5485549
4260	-62.16889	-78.16807	15.99918	0.06852284	0.002309726	0.4272307
4266	-61.34946	-77.0591	15.70964	0.1229436	0.0004710201	0.7070262
4272	-61.90756	-77.28098	15.37342	0.2261719	9.644776e-05	0.7070262
4278	-67.32293	-81.86258	14.53964	0.372978	0.000224766	1.226448
4284	-69.2776	-83.04374	13.76614	1.433042	0.0887188	0.4996845
4290	-66.17651	-79.91112	13.73462	1.3213	0.1944202	0.5866714
4296	-62.68936	-77.69383	15.00447	0.2985375	0.175528	0.722742
4302	-68.21769	-83.006	14.78831	0.214864	0.6715532	0.4232506
4308	-66.5031	-81.69026	15.18716	0.1723811	0.4149149	0.4848366
4314	-63.79644	-79.48853	15.69209	0.08620638	0.2386798	0.5088047
4320	-63.91445	-78.99562	15.08117	0.1939574	0.2913977	0.8411511
4326	-65.41723	-80.78472	15.36748	0.06195186	0.397346	0.9731676
4332	-62.16044	-76.88259	14.72215	0.1065328	0.8699841	0.2239027
4338	-62.72651	-77.95892	15.23241	0.1604834	0.3023564	0.7685786
4344	-62.61405	-77.8679	15.25384	0.1096762	0.4058568	0.8516476
4350	-63.24207	-77.22206	13.97999	0.6864872	0.5625138	0.6689919
4356	-61.41196	-76.14527	14.73331	0.1897985	0.788047	0.6230431
4362	-66.13083	-80.65741	14.52657	0.376993	0.5500121	0.577241
4368	-64.99463	-80.01315	15.01851	0.1495827	0.1346581	1.201576
4374	-63.22005	-77.95152	14.73146	0.3377294	0.2233155	0.9023213
4380	-67.84338	-82.12583	14.28245	0.4478917	0.08138673	1.254877
4386	-61.66596	-76.93846	15.2725	0.1459407	0.3717477	0.6716303
4392	-65.39522	-80.68593	15.29071	0.06900677	0.468123	0.9435644
4398	-65.98721	-81.43163	15.44442	0.1310857	0.1609039	0.2790334
4404	-63.19131	-78.30766	15.11635	0.1310857	0.278744	1.043789
4410	-68.53168	-83.85152	15.31984	0.05238407	0.6082002	0.8443757
4416	-62.19372	-78.34682	16.1531	0.01603307	0.07533186	0.4902442
4422	-64.81735	-80.12567	15.30831	0.1686498	0.2743691	0.6375381
4428	-63.3434	-78.9023	15.5589	0.008746505	0.5807028	0.6149196
4434	-63.54922	-78.76107	15.21185	0.003900092	0.5154985	0.8912013
4440	-64.57099	-80.15554	15.58455	0.05098382	0.5054209	0.5735527
4446	-64.99667	-80.88726	15.89059	0.02510362	0.31658	0.5787726
4452	-64.62858	-79.33074	14.70216	0.1249716	1.014828	0.3545066
4458	-65.15978	-80.19986	15.04007	0.2475203	0.2957024	0.6705995
4464	-60.39053	-75.8897	15.49916	0.1170414	0.2932932	0.5674751
4470	-62.04864	-76.90138	14.85273	0.1788605	0.3521866	1.067729
4476	-66.33032	-80.15415	13.82384	0.6695093	0.7273142	0.695151
4482	-63.92908	-77.95063	14.02155	0.5255646	0.4389641	1.053643
4488	-64.13626	-79.92407	15.7878	0.05162686	0.2988915	0.4328692
4494	-63.29431	-78.92315	15.62883	0.07203178	0.1946178	0.8543889
4500	-63.939	-79.59928	15.66028	0.03914131	0.438061	0.6944919
4506	-61.43658	-76.78429	15.34771	0.0328034	0.4289952	1.100124
4512	-60.58894	-75.40411	14.81517	0.04374832	0.1272065	1.712359
4518	-59.36193	-75.5593	16.19737	0.02385453	0.02002224	0.5501954
4524	-64.4092	-78.18919	13.77999	1.247784	0.1933624	0.6326553
4530	-68.05502	-82.58048	14.52545	0.2095213	0.9366652	0.3939044
4536	-62.00364	-77.63077	15.62713	0.146349	0.0632042	0.482547
4542	-63.53653	-79.22862	15.69209	0.02242364	0.04939743	1.165091
4548	-63.89996	-79.6167	15.71674	0.01075137	0.07084086	1.096552
4554	-61.82197	-77.5216	15.69963	0.09184208	0.1632849	0.3673713
4560	-63.18642	-78.38231	15.19589	0.05142921	0.8814391	0.4059702
4566	-65.95707	-80.60221	14.64515	0.03016083	1.554505	0.5068474
4572	-60.25929	-74.73672	14.47743	0.03850666	1.546175	0.281025
4578	-60.77601	-76.28663	15.51063	0.01680326	0.7165838	0.5376799
4584	-65.42033	-80.64502	15.22468	0.1137477	0.3737635	0.9036957
4590	-60.44197	-75.45492	15.01295	0.1137477	0.7995311	0.4733947
4596	-62.15636	-77.39387	15.23751	0.1728177	0.3393416	0.6184162
4602	-67.30217	-82.57132	15.26915	0.1288812	0.4305782	0.6851036
4608	-68.51735	-81.26549	12.74813	2.59623	0.4112259	0.4585204
4614	-68.56591	-83.75521	15.1893	0.2598284	0.1200972	0.368557
4620	-66.84286	-81.87148	15.02862	0.2573617	0.3289656	0.5114338
4626	-66.83467	-82.10254	15.26788	0.04643395	0.05056109	1.42619
4632	-60.69413	-75.1947	14.50057	0.3670261	0.5733073	0.6412943
4638	-58.4646	-74.05763	15.59303	0.05332833	0.4859742	0.4356609
4644	-64.79634	-80.19929	15.40295	0.03272601	0.6944548	0.3156082
4650	-63.52836	-79.10048	15.57211	0.07521808	0.2886472	0.2928553
4656	-67.17687	-79.97734	12.80047	0.6969002	1.451291	0.197492
4662	-66.19154	-78.51253	12.32099	1.042619	1.451291	0.1705685
4668	-67.87061	-80.53012	12.65951	1.79713	0.6177664	0.1973213
4674	-65.82845	-79.44072	13.61227	0.6598336	0.7850415	0.9172057
4680	-66.30329	-80.54264	14.23935	0.4940261	0.6334071	0.4769384
4686	-61.40149	-76.78012	15.37863	0.1720639	0.1056002	0.7855807
4692	-61.06492	-76.46885	15.40393	0.03152511	0.710971	0.7260327
4698	-64.28084	-78.74831	14.46747	0.3534478	0.6606341	0.5639755
4704	-66.03482	-81.06422	15.02941	0.3708586	0.06283105	0.5639755
4710	-66.60888	-80.22842	13.61955	1.568666	0.0731916	0.343369
4716	-64.33466	-79.26318	14.92852	0.3793613	0.1002126	0.3532356
4722	-60.90301	-76.09622	15.19321	0.08737679	0.2826656	1.134626
4728	-62.24466	-77.54725	15.30259	0.05967764	0.3040431	1.134626
4734	-60.29358	-76.35198	16.0584	0.0143756	0.1612265	0.4572201
4740	-63.80196	-77.74918	13.94722	0.7634278	0.3824754	0.8409438
4746	-62.45888	-77.99907	15.54018	0.1017506	0.1611341	0.8409438
4752	-64.99367	-79.09513	14.10146	0.8510914	0.1957129	0.7456509
4758	-67.41685	-80.62107	13.20422	2.274966	0.08621786	0.641933
4764	-62.91891	-78.05625	15.13735	0.05372321	0.3953182	1.224595
4770	-59.86801	-75.39192	15.52392	0.05372321	0.5603652	0.5307192
4776	-65.16302	-79.33413	14.17111	0.6563156	0.3517806	0.7681068
4782	-62.27883	-78.12368	15.84485	0.05156787	0.2182227	0.6415673
4788	-68.86409	-83.28826	14.42417	0.7358997	0.05322966	0.3601969
4794	-70.10326	-84.96472	14.86146	0.2960608	0.1517636	0.9409514
4800	-70.52304	-84.13433	13.61129	0.5605133	0.2344291	1.515522
4806	-63.08066	-78.14624	15.06558	0.3554329	0.06492601	0.5227581
4812	-60.12114	-76.17562	16.05448	0.0352456	0.1187646	0.5463054
4818	-64.51888	-77.89057	13.37169	1.26807	0.56605	0.6723986
4824	-65.00488	-79.64911	14.64423	0.451809	0.2492271	0.6808772
4830	-64.11181	-78.85271	14.7409	0.5435412	0.00125868	0.6787846
4836	-72.7131	-86.93836	14.22526	0.9606147	0.01409859	0.6361314
4842	-62.09049	-77.51155	15.42107	0.05719407	0.09933715	1.220302
4848	-63.31648	-77.92477	14.60829	0.2975171	0.4140421	0.927471
4854	-62.32111	-77.36086	15.03975	0.2975171	0.1157271	0.7638618
4860	-72.06573	-87.11138	15.04566	0.2975171	0.1551991	0.3478157
4866	-61.20203	-76.50751	15.30548	0.2120067	0.174229	0.5280126
4872	-63.57772	-77.40152	13.8238	0.7823537	0.6439805	0.4781985
4878	-64.71847	-79.97927	15.26079	0.02037284	0.08912419	1.483546
4884	-61.68029	-77.06177	15.38148	0.003562364	0.2575784	0.9484526
4890	-67.80968	-81.93196	14.12228	0.7613389	0.2707695	0.7598329
4896	-63.46193	-77.61646	14.15453	0.6076517	0.4733369	0.3353719
4902	-60.48751	-75.87739	15.38987	0.05205597	0.3521612	1.044599
4908	-65.16074	-79.22063	14.05989	0.760284	0.08320661	1.044599
4914	-65.32615	-81.21986	15.89371	0.03104605	0.2952381	0.5619053
4920	-67.9778	-80.91623	12.93843	1.123622	1.150403	0.3987836
4926	-66.51168	-81.60378	15.0921	0.06881347	0.7483789	0.8524099
4932	-59.09468	-74.42134	15.32666	0.146659	0.340102	0.4000937
4938	-69.31419	-82.24872	12.93453	1.629758	0.7644625	0.5870606
4944	-64.66518	-79.02995	14.36476	0.8023847	0.05490019	0.3958217
4950	-66.34646	-80.90416	14.5577	0.4559832	0.2783471	0.762499
4956	-68.63514	-83.35306	14.71792	0.2442499	0.227177	1.132077
4962	-68.57694	-83.25107	14.67414	0.4358844	0.2794634	0.6107695
4968	-69.52092	-84.24648	14.72556	0.2778943	0.2857936	0.9881169
4974	-61.43725	-76.42217	14.98492	0.2258324	0.3723647	0.735039
4980	-63.58054	-79.15308	15.57254	0.1498168	0.05168658	0.6837046
4986	-64.1228	-79.06004	14.93724	0.3532504	0.1311659	0.7071445
4992	-67.56818	-81.83475	14.26657	0.3549078	0.7848643	0.3246419
4998	-68.55376	-83.14384	14.59008	0.2919924	0.1414902	1.213951
5004	-63.68533	-79.26729	15.58196	0.1489081	0.08255724	0.5991458
5010	-62.21382	-77.69305	15.47923	0.005992437	0.383342	0.9000244
5016	-68.00049	-81.86651	13.86602	0.5957953	0.2896024	1.22976
5022	-60.6885	-76.38324	15.69475	0.07674179	0.2787917	0.5193279
5028	-60.23297	-75.83415	15.60118	0.006069159	0.0917157	1.075851
5034	-63.58254	-78.24635	14.66381	0.4155507	0.2167923	0.8026642
5040	-60.75589	-76.61168	15.85579	0.01853453	0.2027728	0.8534981
5046	-68.60494	-82.26619	13.66126	0.5919332	0.8390131	0.2369922
5052	-66.52339	-81.76767	15.24428	0.2318356	0.179303	0.469751
5058	-62.63669	-78.06876	15.43207	0.1184674	0.2450781	0.7837765
5064	-65.21905	-79.62716	14.40811	0.6767318	0.1074737	0.7380256
5070	-70.9239	-85.48612	14.56223	0.2975706	0.5882748	0.7708243
5076	-61.37346	-77.40637	16.03291	0.01006086	0.1364094	0.5968883
5082	-61.3425	-77.23819	15.89569	0.02354857	0.05635601	0.9633652
5088	-62.13844	-78.05723	15.91879	0.01917445	0.04716453	0.9568158
5094	-66.61356	-81.78288	15.16932	0.1252501	0.3348644	0.9568158
5100	-73.4237	-87.0326	13.6089	0.4956163	0.9105292	1.043979
5106	-69.61547	-84.05746	14.44199	0.4393769	0.397509	0.7989341
5112	-63.76947	-78.3322	14.56273	0.2676621	0.07447036	1.340271
5118	-65.37866	-80.46575	15.08708	0.07349639	0.3339596	1.237253
5124	-59.9495	-74.02649	14.07699	0.4230373	0.3638197	1.228289
5130	-60.50556	-76.31748	15.81193	0.06329002	0.09362074	0.8041257
5136	-65.1807	-79.69591	14.51521	0.3527042	0.6143967	0.5642395
5142	-62.60686	-77.9952	15.38834	0.1071921	0.4497221	0.536596
5148	-60.84497	-76.09965	15.25468	0.06597907	0.7186051	0.3552924
5154	-62.40203	-76.79497	14.39294	0.6599135	0.1797026	0.3552924
5160	-60.83377	-76.24659	15.41282	0.06381992	0.622927	0.4877136
5166	-60.82336	-75.86316	15.0398	0.2043461	0.4208186	0.6612448
5172	-59.35796	-75.34297	15.98501	0.05307282	0.04661559	0.6896555
5178	-60.53579	-76.54973	16.01395	0.03596347	0.1101839	0.6748178
5184	-62.88005	-77.90154	15.02149	0.2595302	0.05667736	0.9667014
5190	-65.29454	-80.78054	15.486	0.05314023	0.3072717	0.9888313
5196	-63.43281	-77.81522	14.38241	0.4771879	0.4709474	0.3594818
