Iteration	Posterior	Likelihood	Prior	rate01	rate_log_sd	tree_length
0	-62.12913	-77.77844	15.64931	0.05739004	0.04676782	1.062957
6	-64.91929	-80.05235	15.13306	0.03821668	0.2108743	1.437757
12	-64.77484	-79.80114	15.02631	0.09588584	0.6885883	0.2602854
18	-64.64205	-78.53882	13.89677	0.7454523	0.611028	0.5568978
24	-69.95818	-83.27264	13.31446	1.107109	0.7597427	0.6820252
30	-64.49806	-78.84698	14.34891	0.7803963	0.04080038	0.7297377
36	-63.94001	-78.82558	14.88557	0.2797262	0.1844539	0.9218116
42	-65.1662	-80.33157	15.16537	0.2515237	0.07883954	0.7983059
48	-65.85045	-80.31903	14.46858	0.3054861	0.7635011	0.5694065
54	-66.96707	-81.74819	14.78112	0.227441	0.6366533	0.4069512
60	-66.89527	-81.18059	14.28532	0.4787417	0.4443299	0.8507235
66	-67.69888	-82.66819	14.96931	0.1728966	0.07742952	1.225191
72	-66.87202	-82.69587	15.82385	0.0535981	0.239607	0.6157516
78	-64.88955	-80.28231	15.39276	0.05665532	0.5365058	0.2785073
84	-69.18753	-84.41944	15.23191	0.1133435	0.5379987	0.3637089
90	-65.32461	-78.94483	13.62023	0.6862019	0.7759327	0.878672
96	-62.28354	-77.59964	15.3161	0.08808948	0.3616894	0.9356897
102	-65.31899	-79.78744	14.46846	0.242301	0.2747251	1.30775
108	-64.30837	-78.54713	14.23876	0.8553164	0.1160146	0.6309855
114	-66.35555	-81.2037	14.84814	0.1545532	0.6583574	0.8332132
120	-62.69462	-77.75363	15.05901	0.3591756	0.05695425	0.564933
126	-61.17941	-76.63141	15.452	0.05665666	0.5933638	0.6230359
132	-68.22385	-83.37018	15.14633	0.09941499	0.6589378	0.707556
138	-59.29728	-74.89511	15.59783	0.053703	0.420468	0.707556
144	-59.933	-76.03379	16.10079	0.04187534	0.039365	0.5527833
150	-60.45732	-75.18357	14.72624	0.1304731	0.9884091	0.3801902
156	-66.72463	-80.1673	13.44267	0.5358391	1.224719	0.2807035
162	-67.33885	-81.53144	14.19259	0.150874	1.324412	0.2689301
168	-67.60786	-82.87397	15.2661	0.01434269	0.8836095	0.3318191
174	-69.38954	-84.86818	15.47864	0.07879988	0.4789953	0.5618127
180	-63.86875	-79.30418	15.43543	0.02120996	0.4170362	1.066704
186	-61.71844	-77.6846	15.96615	0.044864	0.113178	0.6774758
192	-65.07467	-80.33059	15.25592	0.03742061	0.7024998	0.8959437
198	-60.99827	-77.12472	16.12646	0.01022925	0.003697909	0.6906497
204	-61.13757	-77.30654	16.16897	0.02730158	0.02926105	0.4245104
210	-62.55319	-77.63683	15.08365	0.2654679	0.1078279	0.820581
216	-59.40479	-75.26017	15.85538	0.06209353	0.1776706	0.5796132
222	-62.77699	-77.41079	14.6338	0.1559575	1.023613	0.5006827
228	-58.90142	-74.40854	15.50712	0.1219679	0.07660363	0.8835512
234	-60.86851	-76.40507	15.53656	0.08650189	0.3915558	0.4732837
240	-65.69611	-81.55443	15.85832	0.04138763	0.2785833	0.4298589
246	-65.53307	-79.85434	14.32127	0.8235223	0.08028709	0.6031341
252	-63.27145	-78.61081	15.33936	0.01066747	0.7857606	0.7097497
258	-63.10615	-79.06458	15.95843	0.007727494	0.1168547	0.6981381
264	-65.92007	-81.30927	15.3892	0.1729458	0.1048376	0.3031541
270	-64.47406	-79.5391	15.06504	0.08703236	0.7013351	0.2672972
276	-66.97656	-80.76002	13.78346	0.3209645	1.261537	0.2672972
282	-65.13831	-81.22706	16.08875	0.04665267	0.03151325	0.5259833
288	-60.42052	-75.94377	15.52325	0.1665991	0.07829718	0.6067215
294	-65.37716	-80.21132	14.83415	0.4345952	0.1057864	0.37537
300	-65.04885	-79.57471	14.52586	0.4363427	0.4459392	0.4662079
306	-70.29869	-84.87645	14.57776	0.1471648	1.069223	0.6573408
312	-62.7824	-78.40999	15.62758	0.07041998	0.1216315	0.9465869
318	-69.36088	-84.73533	15.37445	0.03319416	0.09971857	1.354543
324	-69.19915	-82.94733	13.74818	0.4818784	0.8203075	1.018763
330	-68.33103	-83.04566	14.71463	0.2827756	0.3587377	0.9099813
336	-65.42187	-79.87723	14.45535	0.4964237	0.06039867	1.046221
342	-64.0956	-79.49517	15.39957	0.02740746	0.7216121	0.3173076
348	-63.96097	-78.67519	14.71422	0.3225588	0.4847766	0.4605532
354	-63.35048	-78.5524	15.20193	0.08435018	0.5491258	0.8724916
360	-61.33715	-77.53467	16.19753	0.02246924	0.02808845	0.5016884
366	-64.46954	-80.06321	15.59367	0.1082503	0.005497692	0.9274758
372	-66.09288	-80.30556	14.21268	0.5422081	0.04387751	1.212828
378	-65.1942	-78.97822	13.78402	0.7406985	0.675352	0.69441
384	-62.05153	-77.89506	15.84353	0.08449324	0.09273831	0.5352711
390	-65.93998	-81.16236	15.22238	0.1121595	0.5258761	0.7146113
396	-67.33038	-82.53004	15.19966	0.177203	0.3378615	0.6741706
402	-66.07065	-80.30577	14.23512	0.4580827	0.6632252	0.3760067
408	-63.39794	-78.84757	15.44963	0.1729612	0.150365	0.518493
414	-66.50081	-81.45308	14.95227	0.2383742	0.4487105	0.4441025
420	-67.82258	-81.34664	13.52407	0.8729784	0.09273702	1.3822
426	-61.08064	-76.4473	15.36666	0.08563695	0.1935552	1.064426
432	-61.48184	-77.08455	15.60271	0.03562768	0.5179332	0.6843928
438	-63.11179	-78.12234	15.01055	0.3346778	0.1102546	0.6843928
444	-66.99543	-82.6843	15.68887	0.05138546	0.3071628	0.7607235
450	-62.96346	-78.40229	15.43882	0.1018739	0.4191885	0.5503622
456	-64.92427	-80.17236	15.24809	0.03725202	0.8615121	0.6905791
462	-62.59806	-78.17812	15.58007	0.0648077	0.03178129	1.107171
468	-65.74429	-79.81497	14.07067	1.09423	0.0344319	0.3796299
474	-66.08787	-79.89701	13.80914	0.3052855	0.5387903	1.494035
480	-61.71104	-76.03882	14.32778	0.4975963	0.4745411	0.7035876
486	-67.08022	-81.13684	14.05662	0.4451782	0.8580308	0.366513
492	-60.12461	-75.25952	15.13492	0.1746143	0.4487542	0.4275311
498	-57.54906	-73.37221	15.82314	0.08799037	0.09257331	0.5625122
504	-60.99661	-76.68461	15.688	0.120668	0.08473624	0.4214209
510	-62.48576	-77.79622	15.31046	0.2197077	0.009702597	0.8119319
516	-60.17418	-75.90158	15.7274	0.09447598	0.1616151	0.5536832
522	-63.02414	-79.00981	15.98567	0.03044528	0.1271529	0.7365604
528	-65.16345	-80.58833	15.42488	0.03044528	0.7512291	0.4013955
534	-63.20793	-77.97953	14.7716	0.0933344	0.792827	0.1939402
540	-62.61669	-78.10832	15.49163	0.0933344	0.3994612	0.567115
546	-61.86097	-76.86609	15.00512	0.2211369	0.4220261	0.6279496
552	-61.21332	-75.67794	14.46462	0.3711847	0.6193488	0.4179374
558	-63.65859	-78.08424	14.42565	0.5255497	0.2821982	0.7789693
564	-62.50413	-76.85933	14.3552	0.4753286	0.413236	0.8092565
570	-61.54892	-76.79168	15.24276	0.08652879	0.558737	0.797298
576	-64.06419	-78.06031	13.99612	0.5680287	0.7266817	0.3812814
582	-68.3565	-82.42198	14.06548	0.2650691	0.6908666	0.1345284
588	-70.14464	-82.7475	12.60286	1.413722	0.977778	0.2094604
594	-64.82215	-80.15515	15.333	0.184035	0.1919494	0.6559043
600	-59.11074	-74.25597	15.14523	0.08448094	0.7187263	0.3307543
606	-63.14694	-77.87507	14.72813	0.5320204	0.05960116	0.6187405
612	-60.58628	-76.16386	15.57758	0.04558139	0.3062773	0.9339349
618	-66.16126	-79.88464	13.72338	0.8813677	0.290453	1.033883
624	-62.9244	-77.99631	15.07191	0.03933903	0.9316414	0.8313238
630	-64.30359	-79.13032	14.82673	0.06259527	1.125142	0.3165887
636	-63.94489	-78.97127	15.02638	0.04575209	1.061979	0.3749495
642	-60.29556	-75.65089	15.35533	0.06124103	0.639397	0.6827735
648	-62.27406	-77.97547	15.70141	0.01037127	0.07977965	1.097871
654	-61.25158	-76.31841	15.06683	0.06544268	0.74889	0.9002389
660	-69.83686	-83.7857	13.94884	0.1926405	0.1031878	1.914705
666	-71.07963	-85.23266	14.15303	0.1264081	0.4570189	1.684463
672	-73.8153	-87.74538	13.93008	0.6840215	0.5258138	0.808833
678	-73.71734	-86.13641	12.41907	1.005762	1.504959	0.2051843
684	-61.25133	-76.55328	15.30195	0.08917027	0.6032844	0.4251721
690	-62.22438	-77.75779	15.53341	0.1064547	0.2369941	0.7165453
696	-65.55974	-80.45691	14.89717	0.2804585	0.3954751	0.5637433
702	-61.97257	-77.00183	15.02926	0.07226815	0.958592	0.441323
708	-68.55639	-81.14816	12.59177	1.227208	1.302079	0.2884356
714	-71.19734	-84.75817	13.56083	0.2794789	1.302079	0.1647663
720	-69.29688	-84.0535	14.75663	0.3582459	0.3162452	0.3546437
726	-68.93865	-82.72651	13.78786	0.2642144	1.1395	0.1714975
732	-63.569	-79.43563	15.86663	0.02386004	0.3123669	0.3671951
738	-64.83487	-80.14077	15.30591	0.003876895	0.526892	0.3111152
744	-68.35348	-83.54303	15.18955	0.1935717	0.3035911	0.6607734
750	-73.80706	-87.99482	14.18777	0.7634872	0.006279035	0.9906569
756	-73.75122	-86.75007	12.99885	1.936119	0.5085155	0.5669036
762	-68.27438	-81.57862	13.30424	2.104321	0.06390322	0.3587063
768	-61.75651	-77.50197	15.74547	0.1134141	0.06977936	0.4951718
774	-62.88416	-78.05306	15.1689	0.1449009	0.1617165	1.057074
780	-61.12554	-76.32985	15.2043	0.2792454	0.01894823	0.7272502
786	-68.50741	-83.10435	14.59693	0.3937252	0.2763034	0.8640823
792	-61.00556	-76.74983	15.74427	0.03595358	0.4175921	0.5819249
798	-60.05176	-76.11795	16.06619	0.0206964	0.1412622	0.6110292
804	-63.92462	-78.56624	14.64162	0.4889376	0.2114029	0.6311004
810	-68.23657	-81.95206	13.7155	1.004823	0.08570867	1.112118
816	-62.13921	-77.48979	15.35058	0.07959374	0.03864181	1.240052
822	-67.64456	-81.7433	14.09874	0.4515709	0.1080836	1.376284
828	-70.09111	-82.01815	11.92704	2.132081	1.264598	0.2416339
834	-71.62418	-84.75572	13.13154	0.3083067	1.785658	0.1996851
840	-66.45096	-80.93537	14.48441	0.2194574	0.914829	0.6949879
846	-64.81768	-79.99623	15.17855	0.07852641	0.1570046	1.288531
852	-66.98256	-81.77893	14.79637	0.3390797	0.1987049	0.852064
858	-66.79459	-81.91167	15.11708	0.2205954	0.2968639	0.6608369
864	-72.87617	-86.989	14.11284	0.4889804	0.1150911	1.308012
870	-74.15625	-86.83275	12.6765	2.827745	0.345277	0.3798721
876	-63.9276	-78.80182	14.87423	0.1147428	0.9237932	0.4266382
882	-63.83315	-79.16249	15.32934	0.1441569	0.2165108	0.8296718
888	-68.25888	-80.73454	12.47566	1.731554	1.097849	0.3348409
894	-64.13625	-77.66838	13.53213	0.2783531	1.490778	0.2118759
900	-65.94413	-80.40141	14.45728	0.2596801	0.8619331	0.3828105
906	-73.51558	-87.43619	13.92061	0.8098854	0.5150949	0.5150048
912	-67.91552	-79.90442	11.9889	4.503667	0.4535217	0.5150048
918	-63.55622	-77.76458	14.20837	0.6513271	0.2425565	0.8694936
924	-64.67368	-80.41127	15.73759	0.06116889	0.2340787	0.7233283
930	-63.37901	-78.44213	15.06312	0.06815667	0.8744792	0.7233283
936	-60.45615	-76.25901	15.80286	0.02089766	0.07096135	1.046921
942	-65.81612	-81.73146	15.91534	0.01276748	0.2731616	0.6230092
948	-66.11106	-82.22594	16.11488	0.02044939	0.08837825	0.6230092
954	-68.87812	-83.92835	15.05023	0.28384	0.001433872	0.9309251
960	-61.25597	-77.17286	15.9169	0.008601442	0.002256667	0.9309251
966	-65.61296	-80.42535	14.81239	0.2465239	0.4974846	0.7213152
972	-63.76658	-78.36857	14.60199	0.1795275	0.2117012	1.3965
978	-70.19451	-84.07105	13.87654	0.654908	0.6103179	0.8194174
984	-61.82562	-77.51963	15.69401	0.1041698	0.01428859	0.8194174
990	-61.87317	-77.39869	15.52551	0.02994122	0.1738414	1.17996
996	-62.73467	-77.76556	15.03089	0.1220015	0.7243199	0.3942098
1002	-61.2442	-76.03051	14.78631	0.3975641	0.2482159	0.425442
1008	-63.01982	-77.05882	14.039	0.3643638	0.4404948	1.291082
1014	-66.68702	-82.42928	15.74226	0.06427194	0.009838641	0.974567
1020	-61.6159	-77.45702	15.84112	0.04222807	0.01110486	0.9844152
1026	-63.04203	-77.61988	14.57785	0.4303577	0.1158774	0.9844152
1032	-64.59417	-78.99726	14.40309	0.2831966	0.7927665	0.7546285
1038	-60.97141	-76.52746	15.55605	0.0123998	0.5692191	0.7378328
1044	-67.21941	-81.01432	13.79491	0.416874	1.067264	0.8233645
1050	-65.24523	-80.08414	14.8389	0.416874	0.1673107	0.457118
1056	-63.21035	-78.6078	15.39745	0.2240177	0.0214359	0.628387
1062	-60.03675	-75.58194	15.54519	0.1464284	0.003247362	0.8160544
1068	-62.74195	-78.24082	15.49888	0.1457552	0.01024393	0.8674443
1074	-63.29223	-79.29877	16.00654	0.04869635	0.1036253	0.4763562
1080	-69.34014	-83.53268	14.19254	0.8055387	0.2353266	0.5862917
1086	-66.7175	-81.84772	15.13022	0.2337748	0.2864699	0.5430356
1092	-60.55638	-76.04497	15.4886	0.0742493	0.497208	0.4913159
1098	-62.26018	-78.09444	15.83426	0.05485452	0.2102874	0.377738
1104	-63.54315	-78.52701	14.98386	0.2287756	0.4491595	0.5212646
1110	-59.63596	-74.95156	15.3156	0.2436301	0.07752838	0.5169935
1116	-64.80419	-78.74226	13.93807	0.9914777	0.1891508	0.2989967
1122	-61.30743	-75.69407	14.38664	0.4745234	0.5168554	0.460294
1128	-60.10841	-74.7979	14.68949	0.497507	0.1546276	0.6175308
1134	-61.86045	-76.07099	14.21054	0.3691709	0.8919186	0.4808446
1140	-63.69246	-77.81028	14.11782	0.8259148	0.1263788	0.8547893
1146	-63.11534	-77.90326	14.78792	0.2260024	0.6362353	0.5992162
1152	-61.92693	-76.98167	15.05473	0.3165818	0.1435034	0.5992162
1158	-59.08119	-75.09235	16.01117	0.01142069	0.1461265	0.6666902
1164	-67.57214	-81.40151	13.82937	1.267628	0.1531124	0.5471363
1170	-64.64251	-78.76088	14.11837	0.5416197	0.6201286	0.3478563
1176	-64.94939	-79.5307	14.58131	0.1668961	1.03654	0.5375734
1182	-61.50286	-75.69733	14.19447	0.7332126	0.05530549	0.9721016
1188	-65.46489	-78.53256	13.06768	1.497313	0.3957797	1.035864
1194	-64.98955	-79.74037	14.75082	0.1959076	0.7351915	0.6608559
1200	-60.26029	-74.31676	14.05647	0.2034757	1.325986	0.2907104
1206	-69.98697	-81.10977	11.1228	2.435283	1.942941	0.2588767
1212	-65.95684	-81.20421	15.24737	0.1271572	0.3147664	0.8854187
1218	-64.49245	-79.21436	14.7219	0.1811209	0.8241866	0.3900507
1224	-60.84373	-76.03203	15.18831	0.1674046	0.4203512	0.5748529
1230	-64.38995	-79.3771	14.98714	0.08947913	0.907894	0.6103686
1236	-58.86854	-74.16395	15.29541	0.085339	0.5852371	0.6831236
1242	-62.33014	-78.02398	15.69383	0.04346645	0.3136806	0.7999608
1248	-62.0511	-77.76824	15.71715	0.02119727	0.3473284	0.843069
1254	-68.50176	-82.74484	14.24308	0.5748958	0.2736965	0.9190013
1260	-66.59042	-81.39517	14.80476	0.2011294	0.1288015	1.246544
1266	-69.84614	-83.66862	13.82249	1.216674	0.1611947	0.6678227
1272	-63.81162	-77.74638	13.93476	0.7460856	0.5746171	0.5440017
1278	-61.66081	-77.19431	15.5335	0.03407359	0.07390726	1.242949
1284	-64.14894	-80.09224	15.9433	0.02531305	0.2670825	0.563211
1290	-65.03238	-79.86804	14.83566	0.06630201	0.5384464	1.30436
1296	-63.6557	-79.5755	15.9198	0.03485267	0.2479526	0.5791583
1302	-61.38511	-77.05414	15.66903	0.04287337	0.4560021	0.4173261
1308	-58.94997	-74.46754	15.51757	0.01376534	0.6722852	0.6345361
1314	-63.22093	-78.10279	14.88186	0.01033423	0.7763233	1.20615
1320	-64.94841	-80.18299	15.23458	0.01700699	0.8792158	0.2959197
1326	-64.3603	-79.2861	14.9258	0.1978496	0.3522681	0.9358686
1332	-64.73519	-78.77274	14.03755	1.029101	0.1641688	0.4871009
1338	-68.14904	-82.49221	14.34317	0.7214394	0.1729595	0.6275736
1344	-67.96689	-83.52318	15.55629	0.1426413	0.1465378	0.526707
1350	-61.47787	-76.68733	15.20946	0.06543283	0.6986891	0.29328
1356	-63.90695	-79.12872	15.22177	0.06290432	0.7864076	0.383339
1362	-67.52811	-83.29993	15.77181	0.05339694	0.2340615	0.3240075
1368	-65.29392	-80.54771	15.2538	0.1561124	0.2285698	0.8562143
1374	-68.68972	-82.15234	13.46262	1.400765	0.4169895	0.497184
1380	-67.34793	-81.02062	13.67269	1.628877	0.04035184	0.5089365
1386	-64.19926	-79.39665	15.19739	0.2655898	0.09130898	0.3603611
1392	-64.93287	-80.56202	15.62915	0.06402856	0.4005225	0.4499793
1398	-69.15964	-84.50387	15.34423	0.01614039	0.5716019	1.00614
1404	-62.75757	-76.97237	14.2148	0.7437391	0.1279567	0.8546209
1410	-62.69167	-77.14459	14.45292	0.2149382	0.8859595	0.2838178
1416	-64.31374	-78.36762	14.05388	0.3529207	0.6960316	0.178548
1422	-63.36804	-78.71469	15.34666	0.05883046	0.3457877	1.059625
1428	-65.4727	-80.47559	15.00288	0.07955778	0.7766322	0.8647658
1434	-65.39716	-79.89295	14.49579	0.4366827	0.3309088	0.8220103
1440	-66.37559	-81.67596	15.30037	0.0337778	0.3297221	1.225011
1446	-65.21215	-79.63363	14.42147	0.3405955	0.6763062	0.7027673
1452	-64.24191	-80.15224	15.91033	0.02527156	0.04572648	0.9538835
1458	-66.6729	-81.36349	14.69059	0.2266804	0.4872687	0.9538835
1464	-63.30311	-79.19909	15.89598	0.007643712	0.2313905	0.5660128
1470	-63.40241	-79.05228	15.64987	0.1179921	0.1383263	0.5695721
1476	-64.39112	-78.84043	14.44931	0.6738644	0.05485556	0.3068707
1482	-71.92433	-86.76779	14.84346	0.4187037	0.07742823	0.7366713
1488	-67.77222	-81.54449	13.77227	0.8280235	0.4739664	0.8493829
1494	-65.79416	-80.11163	14.31747	0.4816284	0.1909759	0.1787111
1500	-66.60374	-81.5367	14.93295	0.2252421	0.2721695	0.9290763
1506	-65.55276	-79.02909	13.47633	1.550644	0.08963047	0.8885983
1512	-61.67786	-76.53808	14.86021	0.4739865	0.01884185	0.6295196
1518	-62.4539	-76.74615	14.29225	0.743779	0.1046772	0.7850688
1524	-65.8549	-80.08055	14.22565	0.6018463	0.3312871	0.8252611
1530	-64.27627	-78.61963	14.34336	0.7150981	0.1125933	0.7524467
1536	-62.25899	-77.74879	15.4898	0.1701901	0.1198522	0.5049464
1542	-63.3103	-77.90343	14.59313	0.4781782	0.2438603	0.7000926
1548	-66.1186	-81.19675	15.07816	0.2022709	0.4312019	0.4865138
1554	-63.60882	-77.3495	13.74068	1.389448	0.1468772	0.4796493
1560	-61.97736	-77.43544	15.45807	0.09407537	0.4376191	0.4851698
1566	-65.0151	-80.46052	15.44542	0.1365846	0.169673	0.7741466
1572	-63.42973	-79.1402	15.71047	0.01589778	0.4597233	0.6904159
1578	-66.18909	-81.22242	15.03333	0.1146297	0.7764883	0.517512
1584	-65.1211	-79.74268	14.62158	0.3152993	0.57414	0.6145612
1590	-73.36056	-85.54003	12.17947	3.465132	0.1135978	0.1504296
1596	-66.68798	-81.17437	14.48639	0.740121	0.02652397	0.4410525
1602	-68.51108	-81.58502	13.07394	2.495595	0.02092647	0.2955297
1608	-64.2953	-79.46718	15.17188	0.109336	0.6084676	0.3562571
1614	-64.96004	-77.94233	12.98229	0.4055289	1.401273	0.1230666
1620	-67.62556	-82.24916	14.6236	0.2872279	0.1648303	1.174811
1626	-68.55734	-82.14761	13.59027	0.7189635	0.9558865	0.4777225
1632	-66.24272	-79.93158	13.68887	0.7276583	0.796154	0.3567016
1638	-66.76087	-81.65765	14.89679	0.0726711	0.9642309	0.8031924
1644	-64.65218	-79.01294	14.36076	0.4997825	0.01815867	1.16609
1650	-64.5433	-78.94003	14.39672	0.4386395	0.08793411	1.16609
1656	-65.00568	-79.4165	14.41082	0.4962104	0.4518767	0.4411802
1662	-63.66334	-79.7538	16.09046	0.05078588	0.005779728	0.4536236
1668	-65.9451	-81.49973	15.55463	0.163971	0.07370841	0.5317118
1674	-63.97755	-79.718	15.74044	0.113624	0.0006448727	0.7167154
1680	-64.40969	-79.16438	14.75468	0.1778293	0.06089958	1.399239
1686	-64.43502	-79.98524	15.55023	0.08114244	0.3845029	0.4083681
1692	-61.00107	-77.0145	16.01343	0.01277053	0.09989385	0.7599597
1698	-67.20168	-82.64216	15.44048	0.06862415	0.06299304	1.186871
1704	-66.8456	-81.77362	14.92803	0.2076335	0.05663039	1.186871
1710	-64.84738	-80.47067	15.6233	0.05155639	0.4458246	0.6274367
1716	-63.88001	-78.7153	14.83529	0.4493333	0.1110993	0.5486328
1722	-60.85354	-76.85113	15.99759	0.01011208	0.1457007	0.6622074
1728	-65.71529	-80.23845	14.52315	0.001855759	1.018807	0.3812066
1734	-67.37919	-82.86634	15.48716	0.1036114	0.2527164	0.7804052
1740	-62.38162	-77.60221	15.22058	0.04792018	0.1413677	1.38665
1746	-61.21246	-76.6335	15.42104	0.04492701	0.5047691	0.8911494
1752	-67.16397	-80.82305	13.65908	1.629883	0.003369162	0.6753059
1758	-70.03825	-83.36734	13.32909	1.290804	0.03038738	1.270094
1764	-66.5465	-81.00796	14.46147	0.3020823	0.7159976	0.3341533
1770	-59.8821	-75.7485	15.86639	0.01590994	0.2142523	0.8230823
1776	-61.98348	-76.73856	14.75508	0.448107	0.1682169	0.6320137
1782	-66.58759	-80.05934	13.47175	0.8135621	0.9600147	0.5066432
1788	-61.96209	-77.58286	15.62077	0.09116597	0.1992436	0.7413783
1794	-66.36939	-79.56228	13.19289	0.8316767	0.9657321	0.943789
1800	-62.95581	-76.16553	13.20972	0.9591453	1.001123	0.3445203
1806	-59.01259	-74.42365	15.41106	0.1111282	0.406752	0.4443004
1812	-69.5365	-80.6261	11.0896	3.808932	1.103741	0.1560377
1818	-61.43149	-77.25094	15.81945	0.007762307	0.2684989	0.6766792
1824	-58.51272	-74.38887	15.87615	0.05657333	0.1655121	0.63313
1830	-65.43637	-80.36422	14.92785	0.09455245	0.9302756	0.6462923
1836	-65.6248	-80.74899	15.12419	0.02479261	0.5515366	1.216313
1842	-62.67856	-77.87859	15.20003	0.1363427	0.136975	1.080213
1848	-64.24739	-79.08396	14.83657	0.3309409	0.1835806	0.8430134
1854	-65.708	-81.37568	15.66769	0.1150487	0.1408193	0.4891259
1860	-63.04422	-78.66353	15.6193	0.1215214	0.1636808	0.4891259
1866	-60.80005	-76.47006	15.67001	0.08009856	0.2880956	0.5175453
1872	-61.53238	-75.63193	14.09954	0.8611607	0.227935	0.6752897
1878	-67.29577	-81.47361	14.17784	0.3553552	0.4632796	1.170612
1884	-64.97786	-80.07318	15.09532	0.0635711	0.03456197	1.504499
1890	-66.99245	-81.71601	14.72357	0.01800546	0.4428175	1.619997
1896	-64.06414	-79.91566	15.85152	0.04856569	0.2596696	0.4804733
1902	-64.6478	-79.40438	14.75658	0.003838804	0.5707266	1.262139
1908	-68.19857	-82.85742	14.65885	0.1057205	1.142476	0.6661022
1914	-64.71743	-78.74582	14.0284	0.8326708	0.3360024	0.6661022
1920	-63.48743	-78.90646	15.41904	0.02142467	0.7400433	0.7088923
1926	-69.91511	-83.13696	13.22185	1.949608	0.2112173	0.718475
1932	-63.33626	-77.48132	14.14506	1.031437	0.04857622	0.5574502
1938	-61.7406	-76.77985	15.03925	0.05241108	1.046171	0.4421771
1944	-63.27453	-77.70968	14.43514	0.3309492	0.5873631	0.8400899
1950	-64.42778	-78.55706	14.12928	0.3686553	0.9375482	0.3753802
1956	-69.40446	-80.84844	11.44397	1.413457	2.02416	0.1744949
1962	-69.79077	-83.30915	13.51838	0.09396563	2.02416	0.1880262
1968	-70.15051	-85.65424	15.50373	0.03709853	0.5897975	0.7194809
1974	-63.41724	-78.51009	15.09285	0.1182283	0.6521956	0.3567399
1980	-63.50907	-79.0249	15.51583	0.1271192	0.06198067	0.86734
1986	-65.17004	-79.17958	14.00954	0.4891325	0.8724418	0.4948052
1992	-60.93233	-76.07872	15.14639	0.05522292	0.8917547	0.3709402
1998	-66.76693	-80.19198	13.42505	1.665774	0.1608252	0.7612222
2004	-62.00372	-77.18544	15.18172	0.2535174	0.1214425	0.7018586
2010	-62.00186	-77.24201	15.24015	0.2290265	0.1745287	0.6025208
2016	-61.67111	-77.40197	15.73086	0.08550692	0.158075	0.665624
2022	-61.31267	-76.97835	15.66568	0.04138701	0.4096589	0.33303
2028	-62.33376	-78.13327	15.79951	0.06319578	0.2395015	0.5071638
2034	-68.76172	-82.07439	13.31267	0.3093846	1.693236	0.2345404
2040	-67.21634	-81.71299	14.49665	0.2910071	0.7728673	0.4504351
2046	-66.36005	-80.27561	13.91557	0.8669539	0.3810638	0.7184868
2052	-59.11562	-74.12543	15.00981	0.1960134	0.2957964	0.9118852
2058	-60.4401	-76.32824	15.88813	0.008440199	0.1584949	0.7713744
2064	-67.94297	-81.72299	13.78002	1.014655	0.3270641	0.7713744
2070	-62.52732	-77.97355	15.44623	0.0301382	0.6824416	0.7130636
2076	-66.26433	-79.57619	13.31186	1.56027	0.4488441	0.5166138
2082	-63.84816	-78.78713	14.93897	0.2047926	0.2588536	0.9975946
2088	-70.03441	-83.34496	13.31055	0.8849778	0.8101168	0.9202936
2094	-68.20445	-81.34541	13.14097	0.6983812	0.9412176	0.1526985
2100	-62.46074	-78.49763	16.03689	0.05705332	0.02363749	0.4361097
2106	-61.88789	-76.86074	14.97285	0.1999192	0.5124335	0.3848543
2112	-65.83626	-80.16114	14.32488	0.3065568	0.9054224	0.5665838
2118	-62.51155	-78.27083	15.75928	0.06877915	0.2527016	0.4965096
2124	-72.79058	-84.79185	12.00128	3.449708	0.7941493	0.4495645
2130	-61.97592	-76.37287	14.39695	0.455407	0.5413227	0.4706401
2136	-64.47654	-79.23725	14.7607	0.112084	1.025697	0.3802905
2142	-63.0463	-77.23127	14.18497	0.6158939	0.379763	0.7884273
2148	-68.82687	-83.17778	14.3509	0.5111817	0.07106178	1.111026
2154	-63.8565	-78.89724	15.04075	0.1013312	0.1677555	1.30978
2160	-65.75453	-80.11823	14.3637	0.2251649	1.024399	0.3510206
2166	-62.85755	-78.58263	15.72508	0.09813655	0.06696631	0.7378721
2172	-62.2928	-78.18209	15.8893	0.0499612	0.2153114	0.4867151
2178	-61.7617	-77.70437	15.94267	0.03301891	0.07025967	0.8561922
2184	-62.70076	-77.07953	14.37877	0.3466576	0.5037616	0.9597515
2190	-68.65673	-81.99416	13.33743	1.998516	0.1116257	0.6313572
2196	-64.24292	-79.27263	15.02971	0.2566853	0.3244019	0.4495204
2202	-66.86304	-81.1103	14.24727	0.7316103	0.163654	0.7867789
2208	-61.3449	-76.16161	14.81671	0.1262501	0.8280501	0.7867789
2214	-67.93705	-82.66096	14.72391	0.3592654	0.188312	0.898991
2220	-67.00992	-82.41287	15.40294	0.1011465	0.4534049	0.4342461
2226	-64.3033	-79.64208	15.33878	0.1236033	0.4274055	0.5699683
2232	-63.52343	-79.56385	16.04042	0.01331024	0.1006945	0.7226628
2238	-64.15093	-79.35884	15.20791	0.2011608	0.01827534	0.9797835
2244	-68.02133	-83.16522	15.1439	0.06056619	0.6658872	0.9330631
2250	-61.55231	-77.64172	16.0894	0.01755242	0.08322994	0.6901203
2256	-61.54893	-76.32604	14.77712	0.323373	0.4162075	0.4425587
2262	-70.09982	-83.67347	13.57365	0.4536271	0.4121669	0.08343638
2268	-66.71504	-78.65903	11.94399	0.665992	1.608842	0.07354203
2274	-61.98129	-77.30867	15.32738	0.1331468	0.2686215	0.8169835
2280	-66.92761	-81.066	14.13839	0.5211471	0.09746698	1.258237
2286	-64.34555	-78.70524	14.35969	0.6647227	0.2480432	0.5765679
2292	-64.36774	-79.54835	15.18062	0.1727135	0.2786722	0.8159825
2298	-61.0674	-75.9635	14.8961	0.2379985	0.4452403	0.7067256
2304	-65.00091	-80.12717	15.12625	0.1100042	0.6354234	0.7067256
2310	-64.5339	-78.80576	14.27185	0.7653804	0.2097975	0.5643715
2316	-65.93935	-80.61213	14.67277	0.1791223	0.7179494	0.8747137
2322	-61.97355	-77.55955	15.586	0.01467017	0.5394728	0.7569534
2328	-63.33645	-78.37106	15.0346	0.1417408	0.2298001	1.128577
2334	-62.22192	-77.71045	15.48852	0.05418426	0.5109479	0.7343407
2340	-62.78049	-78.56773	15.78724	0.02838405	0.3616981	0.3485628
2346	-67.21455	-81.99907	14.78452	0.1121994	0.9971939	0.6518022
2352	-63.11982	-78.34033	15.22051	0.1473361	0.3459386	0.7878647
2358	-66.9646	-80.18573	13.22114	1.370636	0.6282272	0.6823726
2364	-63.80166	-77.94398	14.14232	0.8239813	0.1864282	0.7446784
2370	-65.88694	-80.14593	14.25898	0.1729632	1.268198	0.3319981
2376	-66.13562	-80.65277	14.51715	0.4039329	0.5125025	0.5515687
2382	-64.65265	-79.84579	15.19314	0.2465579	0.1573755	0.6451551
2388	-63.26361	-78.72616	15.46255	0.01317967	0.6534436	0.3073568
2394	-65.03767	-80.14223	15.10457	0.1247992	0.3924798	0.966058
2400	-65.81108	-81.37169	15.56061	0.04283352	0.5799672	0.4951107
2406	-68.23882	-82.85272	14.6139	0.4139728	0.2924108	0.7714725
2412	-64.27928	-79.12764	14.84836	0.1197837	0.08157303	1.468855
2418	-61.63739	-77.72315	16.08576	0.04456309	0.03580584	0.5758161
2424	-68.46649	-83.15591	14.68942	0.531239	0.042091	0.7304666
2430	-70.41077	-83.74353	13.33276	1.397165	0.285776	0.9560263
2436	-66.40383	-80.36242	13.95859	1.01531	0.2529915	0.5462772
2442	-64.57125	-79.08934	14.51809	0.03019693	1.421058	0.220212
2448	-60.97402	-76.01475	15.04073	0.004489713	0.739557	0.2449476
2454	-67.77911	-82.13373	14.35462	0.02904834	1.560153	0.2092859
2460	-66.34976	-80.65891	14.30915	0.099611	1.37951	0.254825
2466	-70.04159	-83.25386	13.21226	1.227434	0.80638	0.5325004
2472	-61.38618	-76.90502	15.51884	0.05088289	0.5509	0.6340923
2478	-62.26	-77.08429	14.8243	0.1684926	0.7404811	0.3574746
2484	-61.22254	-76.59201	15.36947	0.06786598	0.6406519	0.4460278
2490	-63.824	-79.1662	15.3422	0.009552958	0.8237611	0.4267212
2496	-61.95683	-77.10151	15.14467	0.02231785	0.9153739	0.8457849
2502	-63.91181	-78.35179	14.43998	0.210049	0.9668085	0.3256286
2508	-64.40673	-79.42793	15.02119	0.06976516	0.9744945	0.5800146
2514	-64.13014	-78.67625	14.54612	0.2293417	0.8848523	0.4742958
2520	-66.60095	-80.55107	13.95012	0.4067485	0.8551977	0.2354831
2526	-64.48645	-78.3405	13.85405	0.5793807	0.6712215	0.2399261
2532	-64.31006	-80.47345	16.16339	0.01401693	0.04980225	0.5689033
2538	-67.46826	-82.52343	15.05517	0.1298933	0.6905417	0.4496435
2544	-63.52418	-78.81726	15.29308	0.02810578	0.8698421	0.665359
2550	-65.95353	-81.51663	15.5631	0.1217678	0.1548025	0.7014535
2556	-59.72355	-75.60001	15.87645	0.03582294	0.2978172	0.487452
2562	-61.93325	-76.45061	14.51737	0.5111096	0.1000685	0.9178421
2568	-62.2872	-76.81783	14.53063	0.417592	0.4715659	0.5595393
2574	-64.60086	-79.01908	14.41822	0.5219343	0.3699357	0.6551787
2580	-61.71119	-77.32425	15.61305	0.05675945	0.30195	0.8334367
2586	-64.61443	-79.23696	14.62253	0.3656219	0.4698895	0.4109491
2592	-70.207	-84.22179	14.01478	0.5575957	0.1298084	1.286331
2598	-63.11163	-78.54705	15.43542	0.01598641	0.7292916	0.7005042
2604	-67.80331	-81.43652	13.63321	1.60151	0.07344799	0.6216073
2610	-72.37353	-84.85036	12.47683	1.230958	1.138371	0.1742949
2616	-66.58039	-82.33434	15.75396	0.04349202	0.3782101	0.4507884
2622	-64.14684	-79.62029	15.47345	0.1674541	0.1022367	0.6613155
2628	-66.89499	-82.53786	15.64287	0.05017189	0.292816	0.8486039
2634	-69.3307	-83.32526	13.99457	0.6536529	0.3279738	1.004023
2640	-60.90238	-76.48612	15.58374	0.07342157	0.3507171	0.6854055
2646	-63.33992	-77.72161	14.38169	0.3483035	0.7046912	0.6939229
2652	-66.37098	-80.40541	14.03443	0.2080467	1.43092	0.3919512
2658	-64.59832	-79.13428	14.53596	0.2925267	0.7336741	0.4727432
2664	-65.1972	-80.35476	15.15756	0.04409678	0.9418427	0.3792081
2670	-60.19683	-75.32636	15.12953	0.06742715	0.8879933	0.5226751
2676	-62.6243	-77.477	14.8527	0.05526704	0.4460093	1.407207
2682	-63.74919	-78.55022	14.80103	0.181007	0.6643048	0.7718894
2688	-62.35951	-77.1869	14.82739	0.2267567	0.5172045	0.7505371
2694	-60.26428	-76.17038	15.9061	0.03254321	0.1490307	0.8058486
2700	-63.68882	-77.75024	14.06142	0.4657565	0.8492935	0.4287428
2706	-68.57691	-81.59513	13.01822	0.2839049	1.503681	0.105102
2712	-63.75895	-78.11029	14.35134	0.03160359	1.542267	0.2055445
2718	-60.67916	-75.62858	14.94943	0.08473293	0.907762	0.3253827
2724	-62.54382	-76.95774	14.41393	0.1781624	1.088436	0.7299944
2730	-63.59944	-77.77771	14.17828	0.3437928	0.6179393	1.051696
2736	-64.78374	-79.34312	14.55938	0.1590396	0.1639418	1.516589
2742	-62.47589	-77.87401	15.39811	0.07836408	0.5476463	0.6094682
2748	-65.51332	-78.7969	13.28358	0.177222	1.415594	0.09077756
2754	-68.20228	-80.1282	11.92592	0.9527159	1.463329	0.09055717
2760	-68.98107	-82.63169	13.65062	0.6532317	0.9406964	0.660652
2766	-63.30698	-78.07397	14.76699	0.09223272	1.025079	0.7755204
2772	-66.82204	-80.68231	13.86028	0.4887458	0.2972751	1.364556
2778	-71.07944	-85.62647	14.54703	0.2400634	0.1348624	1.361537
2784	-61.09919	-76.63463	15.53544	0.05681033	0.3477909	0.8715551
2790	-63.65844	-78.42619	14.76775	0.1333	0.9691168	0.4728995
2796	-65.67733	-80.54632	14.86899	0.4035072	0.1203156	0.3630874
2802	-65.59676	-81.30098	15.70422	0.09858737	0.08495221	0.7393311
2808	-67.47468	-82.75354	15.27886	0.08959152	0.4935641	0.81755
2814	-64.43152	-79.35808	14.92656	0.1985573	0.3739759	0.2371222
2820	-65.602	-79.80775	14.20575	0.3463484	0.9379767	0.4435722
2826	-62.56401	-78.56592	16.00191	0.05567282	0.03900779	0.3784355
2832	-65.7975	-80.09997	14.30247	0.8316351	0.1063863	0.5331066
2838	-63.95958	-78.23634	14.27676	0.8316351	0.09995028	0.3802978
2844	-59.76915	-74.90774	15.13859	0.2788641	0.05013285	0.7799785
2850	-62.07932	-76.91194	14.83262	0.2246101	0.1806768	1.118765
2856	-69.16099	-81.71552	12.55453	2.785333	0.5040988	0.4141446
2862	-67.0603	-81.50136	14.44105	0.4980138	0.4182245	0.565693
2868	-68.26825	-83.34471	15.07646	0.2577673	0.220155	0.6940834
2874	-60.83992	-76.62314	15.78322	0.04522624	0.3209545	0.6190836
2880	-61.34481	-76.03882	14.69402	0.3884453	0.1456784	0.914222
2886	-63.61892	-78.20096	14.58205	0.2711915	0.1262206	1.275612
2892	-63.67073	-77.52543	13.8547	0.8012751	0.0074149	1.250359
2898	-60.17955	-75.07848	14.89893	0.4574002	0.01603552	0.4031524
2904	-60.52592	-75.36925	14.84333	0.4003878	0.1683623	0.6320715
2910	-62.396	-76.94419	14.54819	0.5209175	0.2185851	0.6991859
2916	-61.84926	-77.09418	15.24492	0.08490253	0.6917191	0.5088959
2922	-62.45519	-75.85201	13.39682	0.3360936	1.558823	0.2386306
2928	-62.10719	-77.1005	14.99331	0.243129	0.3017925	0.7579928
2934	-64.09021	-78.80636	14.71615	0.5459909	0.0736695	0.5143191
2940	-65.85508	-78.94128	13.0862	0.8364115	1.095004	0.2353303
2946	-66.76263	-81.32774	14.56511	0.1364328	1.095004	0.3389239
2952	-69.6294	-83.49749	13.86809	0.5601327	0.8961767	0.4557457
2958	-67.23343	-80.33764	13.10421	1.515296	0.6876542	0.4707896
2964	-66.7842	-81.79494	15.01074	0.02297042	1.164315	0.3588889
2970	-70.00716	-83.00046	12.9933	1.574789	0.6242418	0.2841552
2976	-63.718	-78.54086	14.82286	0.4313842	0.1196943	0.6564923
2982	-64.20369	-80.20387	16.00018	0.01465382	0.152567	0.7142517
2988	-66.59751	-81.75058	15.15307	0.1255286	0.6090921	0.4490061
2994	-61.28613	-76.5913	15.30518	0.08682697	0.5650312	0.6900201
3000	-61.04737	-77.06908	16.0217	0.06407899	0.01249655	0.5173957
3006	-61.55009	-76.81052	15.26044	0.06407899	0.5515728	0.9117917
3012	-62.38341	-78.2404	15.85699	0.03564598	0.0643894	0.9456558
3018	-67.19378	-82.58268	15.3889	0.0565228	0.4889874	0.8794589
3024	-61.68799	-77.09477	15.40678	0.0314744	0.7851668	0.467155
3030	-65.1347	-78.94748	13.81278	0.3139644	1.28847	0.2930874
3036	-65.93399	-81.65827	15.72428	0.03816146	0.3786755	0.3455998
3042	-66.57614	-82.54695	15.97081	0.04570158	0.0758613	0.7269683
3048	-60.24101	-75.68967	15.44867	0.1734053	0.01439468	0.8081517
3054	-66.63587	-81.08602	14.45015	0.576605	0.1498044	0.8178016
3060	-67.70996	-82.55414	14.84418	0.1309263	0.6893823	0.9016736
3066	-63.17519	-78.49347	15.31828	0.06554987	0.7003262	0.5701736
3072	-64.98978	-80.78071	15.79093	0.01431805	0.4320066	0.4873248
3078	-64.80979	-80.42486	15.61507	0.07732367	0.2896367	0.7057457
3084	-61.40248	-77.13579	15.73331	0.07732367	0.03478547	0.890086
3090	-63.02173	-77.97948	14.95775	0.3305919	0.05173433	0.8568924
3096	-63.70926	-78.69293	14.98367	0.3657063	0.05058039	0.7210995
3102	-65.47943	-80.70605	15.22662	0.008588289	0.2223792	1.352698
3108	-64.87543	-79.74804	14.87261	0.004124202	1.079695	0.5188578
3114	-63.56686	-78.59268	15.02582	0.003428049	0.777951	0.7211319
3120	-66.15257	-79.42599	13.27342	1.452027	0.3400528	0.9164762
3126	-63.8394	-78.68878	14.84938	0.106647	0.9392015	0.6833185
3132	-64.48301	-78.76877	14.28576	0.2101253	0.9392015	0.219714
3138	-68.58675	-81.92266	13.33591	0.6402592	0.9434797	0.182608
3144	-67.88604	-81.73221	13.84616	0.1654628	1.309429	0.1576104
3150	-63.8541	-77.52469	13.67059	0.8863536	0.5029483	0.2588163
3156	-67.50572	-80.5622	13.05647	1.097349	0.0827556	1.571364
3162	-61.42505	-76.37894	14.95389	0.1900071	0.5887001	0.5472927
3168	-68.31709	-83.62637	15.30928	0.05788243	0.4322714	1.016796
3174	-62.99341	-78.30687	15.31346	0.08393343	0.5556049	0.7146531
3180	-64.36779	-78.96858	14.6008	0.1877067	0.8810245	0.7145959
3186	-61.47284	-76.8694	15.39657	0.09239884	0.289057	0.9062935
3192	-64.76925	-80.35017	15.58092	0.1206577	0.1236914	0.7306707
3198	-63.07712	-77.71457	14.63745	0.3168711	0.1257153	1.136444
3204	-62.81854	-78.10745	15.28891	0.2469602	0.0671499	0.6298479
3210	-60.63311	-76.17251	15.5394	0.02097856	0.4202746	0.9612365
3216	-60.20899	-75.62287	15.41389	0.01017367	0.6970394	0.722197
3222	-67.52951	-82.62365	15.09414	0.04234381	0.3533302	1.341115
3228	-66.5492	-81.20781	14.65862	0.12706	0.6760866	1.114264
3234	-62.94766	-77.52551	14.57785	0.6500044	0.04307523	0.5994503
3240	-62.79478	-77.61501	14.82023	0.1612183	0.2564354	1.232531
3246	-67.02861	-81.76604	14.73743	0.3833385	0.09000573	0.9384976
3252	-64.44469	-79.72611	15.28142	0.114086	0.2554855	0.9683275
3258	-63.91785	-79.15402	15.23617	0.2338097	0.1647457	0.4083558
3264	-67.27638	-81.19967	13.9233	1.109597	0.05652958	0.8204661
3270	-61.8222	-77.00722	15.18502	0.1029775	0.6668542	0.4461351
3276	-61.8134	-76.84095	15.02755	0.1449889	0.6679492	0.5123242
3282	-59.62069	-75.57589	15.9552	0.0671843	0.0397297	0.6196798
3288	-66.67065	-81.45109	14.78043	0.1868271	0.7761136	0.4935419
3294	-63.86212	-78.06003	14.19791	0.6880962	0.3879076	0.5267393
3300	-62.51369	-76.85023	14.33654	0.4335716	0.1984856	1.129623
3306	-64.70209	-78.90065	14.19856	0.2556978	1.161812	0.4710272
3312	-66.409	-79.55402	13.14502	2.410085	0.07825753	0.6354652
3318	-71.49907	-83.84896	12.34988	4.608814	0.04930954	0.4269499
3324	-63.46125	-78.49222	15.03097	0.3459069	0.0833392	0.6491515
3330	-62.58372	-77.53254	14.94882	0.3660983	0.1330488	0.3915199
3336	-68.02123	-80.51678	12.49555	0.9127081	1.185327	0.1243418
3342	-62.32986	-76.43826	14.10839	0.03312233	1.324338	0.1072101
3348	-65.56903	-79.51802	13.94898	0.1622402	1.197984	0.1532357
3354	-61.22537	-75.28719	14.06182	0.08252679	1.414751	0.1573111
3360	-67.37165	-82.55973	15.18808	0.03018622	0.9850332	0.6241592
3366	-69.82446	-83.54514	13.72068	0.6537827	0.08851712	1.441408
3372	-63.92573	-79.41792	15.49219	0.02683282	0.625937	0.7499293
3378	-66.05926	-81.42253	15.36327	0.1121358	0.4351479	0.612417
3384	-62.07319	-77.13552	15.06233	0.1140344	0.6642704	0.3200781
3390	-65.03175	-79.16728	14.13553	0.7472592	0.2870423	0.7416011
3396	-66.46941	-80.64026	14.17085	0.9626432	0.09769929	0.4903554
3402	-61.93229	-77.62099	15.6887	0.105282	0.1571599	0.4644101
3408	-62.07866	-76.46969	14.39103	0.5116692	0.4534984	0.4886124
3414	-65.12698	-78.60377	13.47679	1.656776	0.2172787	0.5043664
3420	-60.60473	-75.75527	15.15055	0.2272981	0.1729362	0.7788643
3426	-66.80073	-80.98018	14.17945	0.3946293	0.8699608	0.5408759
3432	-59.72161	-74.81832	15.09671	0.3644133	0.0147179	0.5278808
3438	-62.3706	-77.69605	15.32545	0.1784638	0.2568041	0.4814225
3444	-61.04741	-76.77362	15.72621	0.07141512	0.2475589	0.6218655
3450	-68.36423	-82.12566	13.76144	1.343913	0.08320152	0.7270208
3456	-69.82752	-83.48539	13.65787	1.287462	0.1893729	0.7905004
3462	-69.00375	-81.84231	12.83855	2.078286	0.5739611	0.6064567
3468	-66.98939	-81.61218	14.62279	0.3315672	0.3165901	0.2272522
3474	-62.21358	-76.32471	14.11114	0.5294781	0.4696473	0.9256181
3480	-63.79939	-78.33768	14.53829	0.2981868	0.2612006	1.142259
3486	-63.82493	-79.08544	15.26051	0.2404664	0.008491511	0.8041546
3492	-68.46928	-84.61198	16.14271	0.02402869	0.06840178	0.5760725
3498	-69.8082	-83.78773	13.97953	0.929087	0.3214545	0.537871
3504	-71.81373	-84.56905	12.75532	1.990004	0.5861724	0.2786046
3510	-75.37982	-91.01229	15.63247	0.00399916	0.3089285	0.4984963
3516	-66.93452	-82.20408	15.26956	0.157112	0.3073414	0.7219535
3522	-68.89973	-84.52781	15.62808	0.06047028	0.1008214	1.016631
3528	-71.47979	-85.9171	14.43731	0.4617073	0.4382602	0.3538513
3534	-67.2204	-81.22422	14.00382	1.06539	0.09565763	0.3380433
3540	-68.42653	-83.90333	15.47681	0.162708	0.08974881	0.7076283
3546	-61.38822	-76.58232	15.1941	0.07752097	0.547768	0.2333511
3552	-65.89091	-81.15934	15.26842	0.2478411	0.007727639	0.7674232
3558	-65.33577	-80.2715	14.93573	0.390277	0.04953346	0.7207556
3564	-61.20404	-76.94861	15.74457	0.04479179	0.1153841	0.9633844
3570	-62.12713	-77.10192	14.97479	0.3726487	0.1200923	0.5257023
3576	-61.75945	-76.22852	14.46907	0.4224977	0.507649	0.614785
3582	-63.83095	-77.2404	13.40945	0.6862809	1.170572	0.4339718
3588	-59.87453	-75.35447	15.47994	0.07454927	0.1795287	1.018056
3594	-62.54672	-77.31313	14.76641	0.4382979	0.2018573	0.5353197
3600	-67.30114	-80.96245	13.6613	1.13922	0.4367685	0.4878174
3606	-67.83913	-81.47006	13.63093	1.200692	0.3683546	0.6643092
3612	-65.78792	-80.56688	14.77895	0.160163	0.8584511	0.555161
3618	-62.5702	-77.64237	15.07217	0.06630706	0.8584511	0.7481734
3624	-61.82782	-77.63774	15.80992	0.02506938	0.2360035	0.8539128
3630	-62.37402	-77.23623	14.86221	0.4644062	0.02979176	0.6380654
3636	-62.01238	-76.98107	14.9687	0.3385461	0.08271742	0.7807976
3642	-62.42288	-78.02903	15.60616	0.1047599	0.1622367	0.7311564
3648	-65.22955	-80.88754	15.65799	0.04166284	0.4877941	0.5178671
3654	-67.8561	-81.10834	13.25223	1.333745	0.2114063	1.151549
3660	-65.5779	-79.25822	13.68033	1.453658	0.03672631	0.7895074
3666	-60.91805	-76.48935	15.5713	0.1590741	0.02506681	0.6759753
3672	-62.12182	-77.88953	15.76771	0.1043235	0.006793174	0.7242996
3678	-63.36055	-77.54929	14.18874	0.9053152	0.06233074	0.7242996
3684	-65.30384	-79.45966	14.15582	0.5890491	0.5687974	0.5153229
3690	-65.5339	-80.27356	14.73966	0.3814586	0.1168614	0.9108933
3696	-66.36989	-81.36373	14.99385	0.2705983	0.2255017	0.7654452
3702	-62.25924	-77.20682	14.94758	0.1402668	0.7606098	0.5494902
3708	-63.89222	-78.57712	14.6849	0.325259	0.5113852	0.5026524
3714	-66.69653	-80.86764	14.17111	0.3572692	0.9493125	0.5626839
3720	-62.23845	-76.62948	14.39103	0.5169864	0.3596604	0.7361591
3726	-61.25662	-77.05582	15.79921	0.03871108	0.2761487	0.7361591
3732	-61.43803	-76.12936	14.69133	0.3388214	0.3980354	0.3282449
3738	-66.17905	-81.02426	14.84521	0.426013	0.06961611	0.724757
3744	-61.11825	-76.44277	15.32452	0.01310141	0.7876176	0.3047053
3750	-61.46069	-76.10929	14.64859	0.5625811	0.1005152	0.5935712
3756	-61.36667	-76.80162	15.43494	0.1845055	0.1222118	0.5602156
3762	-69.1504	-82.43108	13.28069	0.4334237	1.641095	0.3487763
3768	-59.20404	-74.82694	15.6229	0.1402985	0.0845956	0.5525869
3774	-66.06021	-80.59827	14.53806	0.557497	0.04083358	0.8787083
3780	-64.8884	-79.82947	14.94107	0.237984	0.2489596	0.9073291
3786	-65.05076	-79.44535	14.39459	0.3749682	0.1260377	1.239252
3792	-64.1652	-78.5199	14.3547	0.1636744	1.23252	0.3659127
3798	-69.05265	-82.35406	13.30141	0.5674668	1.23252	0.2357399
3804	-68.37956	-83.29953	14.91997	0.2497654	0.4454398	0.5819024
3810	-61.59489	-76.21651	14.62162	0.3730972	0.4682979	0.5534359
3816	-62.90408	-76.6156	13.71152	1.168345	0.3553744	0.5534359
3822	-61.90604	-76.79145	14.88541	0.1710666	0.7040769	0.598987
3828	-63.17734	-78.98412	15.80678	0.014498	0.3363097	0.7289819
3834	-60.93923	-76.76333	15.82411	0.02377817	0.3233833	0.719148
3840	-63.23658	-78.59337	15.35679	0.01087223	0.8002187	0.3718299
3846	-65.52541	-80.70726	15.18185	0.0136593	1.025797	0.5830649
3852	-68.02931	-83.83324	15.80393	0.07638118	0.159584	0.5830649
3858	-61.75994	-77.20673	15.44679	0.01964119	0.7706153	0.4241291
3864	-62.20147	-77.53328	15.33181	0.002633605	0.4279838	0.5214314
3870	-61.18145	-76.95595	15.7745	0.03068215	0.1951151	0.9174964
3876	-70.05406	-84.38095	14.32689	0.3475666	0.4049531	0.1706749
3882	-67.47365	-81.82329	14.34964	0.2479594	0.8530006	0.8623158
3888	-61.9534	-77.56962	15.61622	0.03917769	0.07925982	1.146465
3894	-60.97831	-76.4972	15.5189	0.09907207	0.2139243	0.8155091
3900	-64.31818	-79.49042	15.17223	0.1274618	0.401825	0.8702226
3906	-63.35441	-78.14965	14.79525	0.1994209	0.7225543	0.4855527
3912	-66.4163	-78.92331	12.50701	2.463976	0.7029795	0.4123711
3918	-62.68081	-77.0891	14.40828	0.5989376	0.2812671	0.4043165
3924	-65.02629	-79.39596	14.36967	0.301348	0.1747624	1.349447
3930	-69.18876	-83.47749	14.28873	0.288434	0.134883	1.466745
3936	-66.71541	-82.00832	15.29291	0.09968408	0.1223123	1.140877
3942	-61.79762	-76.62442	14.8268	0.3577915	0.2764806	0.3996547
3948	-61.50358	-76.29317	14.78959	0.3409031	0.2878926	0.321369
3954	-63.03958	-78.19898	15.1594	0.1301066	0.5519404	0.3730279
3960	-65.662	-80.25329	14.59129	0.02112374	1.323352	1.006784
3966	-62.26416	-76.35456	14.09039	0.8840238	0.2068626	0.6845686
3972	-58.62762	-74.08108	15.45346	0.034198	0.5982612	0.8005204
3978	-66.39125	-81.41674	15.0255	0.05682808	0.8434284	0.888027
3984	-71.01473	-84.75594	13.74121	0.2863562	0.6537716	1.492127
3990	-69.23939	-84.3828	15.14342	0.2366233	0.1493094	0.7861201
3996	-68.8686	-83.68542	14.81682	0.5112625	0.01165548	0.5978989
4002	-72.90437	-85.70651	12.80213	2.323575	0.3833893	0.7772662
4008	-67.36247	-81.84249	14.48002	0.4767801	0.2912056	0.8023112
4014	-67.36163	-82.20483	14.8432	0.1960284	0.5247332	0.8391218
4020	-62.81745	-78.26317	15.44572	0.1740517	0.126933	0.6189305
4026	-66.3721	-81.33759	14.96549	0.2198727	0.4576887	0.3782115
4032	-64.40665	-79.7011	15.29444	0.1025517	0.3585279	0.8940504
4038	-60.50435	-76.1237	15.61935	0.02638181	0.5915386	0.5417899
4044	-65.3651	-78.78174	13.41664	1.70151	0.2348469	0.4249911
4050	-66.48113	-79.05889	12.57776	2.615993	0.4972782	0.3270739
4056	-66.1503	-81.09724	14.94694	0.1563124	0.541346	0.8482164
4062	-66.69731	-82.32411	15.62681	0.1401974	0.06049966	0.6221622
4068	-66.91533	-81.3347	14.41937	0.6603613	0.05173704	0.8300008
4074	-69.71144	-82.32063	12.60919	2.302557	0.6780565	0.4010365
4080	-65.83144	-81.3644	15.53296	0.02305712	0.3918578	0.9925181
4086	-70.14995	-85.82587	15.67593	0.04309298	0.301926	0.8403419
4092	-65.83806	-81.31234	15.47427	0.008284745	0.07773761	1.263656
4098	-62.31886	-77.64639	15.32752	0.005850884	0.04048921	1.344673
4104	-63.25878	-78.327	15.06821	0.2304613	0.3319544	0.6304859
4110	-60.00029	-75.93006	15.92977	0.07400803	0.05089244	0.5588864
4116	-61.44047	-77.19815	15.75768	0.08401264	0.07848912	0.7648777
4122	-63.84878	-78.4422	14.59342	0.1606632	0.9979155	0.6753027
4128	-63.93274	-79.14925	15.21651	0.2389716	0.05409518	0.8073166
4134	-62.74966	-78.48051	15.73085	0.02120649	0.4663651	0.3857182
4140	-63.93238	-79.27897	15.34659	0.1544386	0.3145763	0.4733339
4146	-62.97585	-78.97723	16.00137	0.04279641	0.04971362	0.7427034
4152	-60.69962	-75.91086	15.21124	0.1645986	0.2556519	0.8400978
4158	-61.10721	-76.88759	15.78038	0.02620147	0.06981035	1.056245
4164	-59.66956	-75.23652	15.56697	0.1016661	0.07848702	0.9066933
4170	-64.87353	-80.11691	15.24338	0.05140676	0.6799419	0.8560663
4176	-61.55841	-76.79658	15.23817	0.2185875	0.2063778	0.6004991
4182	-61.57351	-77.10457	15.53106	0.07318628	0.3875126	0.3330658
4188	-59.4616	-75.1946	15.733	0.05303998	0.05899162	0.9906346
4194	-71.29812	-85.33306	14.03494	0.3853262	0.738355	0.9906346
4200	-64.58436	-78.36835	13.78399	1.113886	0.2839888	0.6819634
4206	-62.15945	-77.85008	15.69063	0.07752579	0.2404338	0.6541062
4212	-60.85767	-76.13117	15.2735	0.153546	0.3526766	0.6541062
4218	-65.36777	-79.9663	14.59853	0.200607	0.868786	0.6700706
4224	-60.95159	-75.60162	14.65003	0.1698444	0.9494415	0.5791808
4230	-63.55201	-77.73252	14.18052	0.2940123	0.9601927	0.2884718
4236	-69.0644	-84.34675	15.28235	0.1857263	0.1753102	0.7616168
4242	-65.41613	-80.89707	15.48094	0.01163894	0.4308493	0.9864136
4248	-66.57486	-81.66208	15.08722	0.2730514	0.1696997	0.6962327
4254	-64.04073	-79.46225	15.42152	0.08357072	0.4957514	0.3953268
4260	-64.70209	-79.47025	14.76816	0.4200168	0.2350561	0.477748
4266	-64.26278	-78.25191	13.98913	0.08255669	1.530758	0.1677715
4272	-67.20111	-81.52099	14.31988	0.02742097	1.530758	0.1863002
4278	-64.29856	-79.81337	15.51482	0.03515586	0.5832015	0.7269969
4284	-62.04261	-76.64814	14.60553	0.002853475	1.175859	0.4125193
4290	-59.57098	-75.1527	15.58173	0.1534691	0.05278287	0.6361714
4296	-60.98592	-76.72755	15.74163	0.06262404	0.2286355	0.7138708
4302	-63.03603	-78.17357	15.13754	0.07986159	0.8161144	0.5574764
4308	-60.35727	-75.51833	15.16106	0.08091493	0.7236252	0.7115515
4314	-64.12955	-77.81142	13.68187	1.042358	0.4370083	0.7115515
4320	-65.83981	-81.12144	15.28163	0.05599325	0.7885407	0.5493708
4326	-74.74046	-88.92608	14.18562	0.1741625	1.409453	0.529731
4332	-71.419	-85.61003	14.19103	0.8998137	0.1434388	0.516788
4338	-67.21048	-82.45724	15.24676	0.08971587	0.3739925	0.987583
4344	-65.76138	-80.49418	14.73281	0.2551863	0.6215776	0.570343
4350	-63.86865	-79.24607	15.37743	0.1054788	0.004654498	1.148696
4356	-62.02095	-76.52715	14.5062	0.3297231	0.2160737	1.147433
4362	-66.16238	-80.75251	14.59013	0.3983494	0.03354469	1.109277
4368	-68.99199	-84.10142	15.10943	0.008379809	0.3221587	1.362734
4374	-61.83937	-77.83656	15.99719	0.007156782	0.1008681	0.6134261
4380	-63.98806	-78.44804	14.45998	0.6254325	0.1540129	0.6912993
4386	-61.8152	-76.86498	15.04978	0.2176642	0.287175	0.7974159
4392	-63.2915	-79.05603	15.76453	0.02554911	0.4523969	0.5056354
4398	-67.0727	-82.57696	15.50426	0.03816637	0.2214726	1.123791
4404	-66.21533	-80.33149	14.11616	0.6413792	0.487174	0.6693152
4410	-67.33817	-82.16281	14.82464	0.04939851	0.5759065	1.350399
4416	-66.99503	-80.38812	13.3931	0.4676904	0.3651194	1.688762
4422	-66.76426	-82.05312	15.28886	0.05450072	0.7159451	0.7233216
4428	-62.10312	-76.5818	14.47869	0.3948413	0.3983519	0.8569528
4434	-64.1695	-78.44473	14.27523	0.5068774	0.5764594	0.478774
4440	-64.16147	-78.39086	14.22938	0.7132622	0.3191842	0.556329
4446	-68.95796	-81.83302	12.87506	2.171552	0.4370189	0.7079872
4452	-62.99536	-77.05213	14.05677	0.4136032	0.8691603	0.3164633
4458	-63.52055	-78.05779	14.53724	0.07440515	1.184457	0.2190048
4464	-63.46061	-78.22124	14.76063	0.01324335	1.282955	0.2598991
4470	-67.00847	-81.92496	14.91649	0.2171409	0.1189087	1.117817
4476	-59.39921	-74.41318	15.01397	0.2298122	0.3223385	0.7502942
4482	-60.59138	-75.48441	14.89303	0.2750485	0.4031961	0.5984113
4488	-59.52567	-75.64777	16.1221	0.03072132	0.07459677	0.5190806
4494	-59.14544	-74.6849	15.53946	0.03518769	0.5747335	0.6996927
4500	-61.84355	-77.53031	15.68676	0.1097425	0.1192216	0.6181497
4506	-63.29584	-78.61969	15.32385	0.009220134	0.1670643	1.329489
4512	-61.12767	-75.91429	14.78662	0.08369981	0.3955347	1.391977
4518	-66.69821	-81.81135	15.11314	0.1930432	0.1864549	0.9283551
4524	-64.88192	-79.8929	15.01098	0.1461909	0.6755456	0.5516366
4530	-64.66179	-79.36991	14.70812	0.1461909	0.1000901	1.486413
4536	-72.13554	-87.31975	15.18422	0.2012933	0.3225495	0.5561416
4542	-64.94274	-80.36061	15.41787	0.1862062	0.01464793	0.7947015
4548	-64.19894	-78.87664	14.67769	0.5368119	0.1230725	0.5449146
4554	-63.99285	-79.55301	15.56016	0.09118795	0.01965377	1.021868
4560	-64.46305	-79.91423	15.45117	0.0233216	0.7270827	0.6659359
4566	-61.8104	-76.85492	15.04452	0.130004	0.1144024	1.256742
4572	-61.10655	-76.78086	15.6743	0.04561503	0.2136889	0.9292944
4578	-63.95462	-79.87285	15.91823	0.07725351	0.03802411	0.5936635
4584	-69.75079	-84.64397	14.89318	0.3556816	0.2040058	0.3810159
4590	-66.09937	-81.20178	15.10242	0.3556816	0.02371218	0.5509376
4596	-68.21351	-82.33701	14.1235	0.870918	0.09589504	0.8225039
4602	-65.77678	-81.371	15.59422	0.01773418	0.1922464	1.129655
4608	-63.20275	-78.86919	15.66643	0.03925701	0.3043554	0.8715086
4614	-69.15248	-84.55084	15.39837	0.007996306	0.703215	0.6621191
4620	-62.61992	-76.8129	14.19299	0.836689	0.06278532	0.8252226
4626	-63.61216	-79.39518	15.78302	0.101721	0.0673041	0.4233975
4632	-64.03702	-78.92892	14.89191	0.1753543	0.4197523	0.9740727
4638	-67.60009	-82.64	15.0399	0.2380926	0.003203201	1.056979
4644	-62.89851	-77.51759	14.61908	0.5349412	0.1736633	0.4189069
4650	-61.95444	-77.78109	15.82665	0.06107909	0.03199769	0.8755589
4656	-63.28227	-78.52881	15.24654	0.04465704	0.8844413	0.483282
4662	-67.30996	-81.65039	14.34043	0.1751125	0.7096123	1.216318
4668	-64.33957	-79.44573	15.10616	0.2088109	0.2670892	0.7826818
4674	-63.61287	-79.36447	15.7516	0.05495458	0.2459435	0.3235188
4680	-61.76527	-76.52751	14.76224	0.4416055	0.1935396	0.4362421
4686	-65.67059	-81.47788	15.80729	0.05792506	0.1894676	0.3371597
4692	-65.69446	-80.91456	15.2201	0.2189527	0.1865102	0.6841796
4698	-63.32738	-78.69045	15.36308	0.2316309	0.05138704	0.4277004
4704	-61.03425	-76.88157	15.84732	0.01291332	0.3556513	0.4247723
4710	-64.49099	-79.2194	14.72841	0.2992535	0.4515257	0.3300893
4716	-63.1904	-78.87337	15.68297	0.05639999	0.3396679	0.3579945
4722	-62.22267	-77.01968	14.79701	0.1908791	0.7026738	0.6642262
4728	-65.09936	-80.09187	14.99251	0.1058446	0.7745943	0.3265944
4734	-62.42065	-77.91972	15.49907	0.07643064	0.1192505	1.049369
4740	-65.0274	-78.34393	13.31653	0.06144124	1.77548	0.08360468
4746	-65.61112	-78.94298	13.33186	0.0316793	1.77548	0.0716615
4752	-60.66784	-76.45509	15.78725	0.0903947	0.1178791	0.5621352
4758	-60.923	-75.67123	14.74823	0.2355799	0.608425	0.6912983
4764	-66.26595	-80.79075	14.5248	0.2529291	0.8443922	0.5066081
4770	-68.79094	-84.1218	15.33087	0.05705082	0.5681495	0.8513215
4776	-68.7087	-82.57142	13.86272	0.163508	0.07391284	2.054081
4782	-62.32577	-78.27413	15.94836	0.05674288	0.1088751	0.5876385
4788	-66.37905	-81.70792	15.32887	0.2009523	0.06747911	0.7827669
4794	-67.54326	-82.45567	14.91241	0.3562754	0.1353542	0.7306693
4800	-64.80803	-79.8792	15.07117	0.1068887	0.5272516	0.9343359
4806	-67.01076	-80.58669	13.57593	0.7390198	0.7313538	0.23973
4812	-77.25975	-90.32961	13.06986	0.8029991	1.159807	0.23973
4818	-63.21541	-76.97424	13.75883	0.2463374	1.204467	0.1688671
4824	-64.54745	-78.82615	14.27869	0.1859195	1.258167	0.4011003
4830	-60.62265	-75.52627	14.90362	0.1924416	0.5918798	0.6629932
4836	-64.90294	-78.98802	14.08508	0.6251579	0.5273192	0.6948487
4842	-63.94162	-78.61306	14.67144	0.4673969	0.07640668	0.8522952
4848	-65.62679	-80.0146	14.38782	0.7746607	0.0813278	0.4362949
4854	-64.59484	-79.03506	14.44023	0.6145347	0.228711	0.4084036
4860	-70.69247	-83.20232	12.50985	2.036297	0.7883138	0.268746
4866	-64.83359	-80.33903	15.50544	0.1013034	0.320223	0.6540248
4872	-65.72199	-81.78614	16.06415	0.0176824	0.1270249	0.6540248
4878	-63.23745	-77.93854	14.70109	0.02418862	0.2574533	1.760758
4884	-63.16591	-78.86151	15.6956	0.01481078	0.5114238	0.6014948
4890	-63.52938	-78.73906	15.20968	0.2935606	0.05881915	0.4893787
4896	-65.67458	-79.39013	13.71555	1.460902	0.1182409	0.5045647
4902	-64.69645	-78.57457	13.87811	1.269767	0.04344393	0.6996368
4908	-63.94593	-79.47465	15.52871	0.0832617	0.3764506	0.6530748
4914	-68.36417	-83.63763	15.27347	0.1440084	0.3502798	0.7203214
4920	-66.81913	-81.04347	14.22435	0.5336975	0.2697263	1.008519
4926	-63.8786	-78.07796	14.19936	0.2588915	0.3358712	1.437302
4932	-61.45385	-77.15327	15.69942	0.04655657	0.4202902	0.5349941
4938	-67.31953	-81.84401	14.52448	0.5076015	0.3220869	0.5509542
4944	-70.0863	-83.28157	13.19528	0.7067285	1.367491	0.507832
4950	-62.42669	-76.28534	13.85865	0.2054294	1.367491	0.2148938
4956	-64.5121	-77.89267	13.38057	0.3313582	1.367491	0.1659469
4962	-62.88665	-77.74223	14.85558	0.004337274	1.062678	0.3541362
4968	-63.3903	-78.58527	15.19497	0.03267044	0.699732	0.9873472
4974	-59.03256	-75.03771	16.00516	0.006721504	0.08882298	0.5788031
4980	-63.28889	-78.82472	15.53582	0.06928755	0.4031449	0.7121062
4986	-62.02426	-76.41427	14.39001	0.4760526	0.3477388	0.846446
4992	-62.04321	-77.91691	15.8737	0.02893206	0.3211974	0.5733776
4998	-66.31917	-79.9848	13.66562	0.845898	0.5986103	0.8006257
5004	-85.95338	-95.45226	9.498878	12.11479	1.437617	0.6127457
5010	-61.09402	-76.23344	15.13942	0.1783358	0.3767555	0.7063502
5016	-63.09292	-78.10441	15.01149	0.1366876	0.5035596	0.8984169
5022	-65.81874	-80.03934	14.2206	0.4018295	0.80386	0.5890739
5028	-64.17694	-79.67767	15.50073	0.04251379	0.2411128	1.089712
5034	-68.16322	-82.81655	14.65334	0.431959	0.168674	0.8387266
5040	-67.65015	-80.53678	12.88663	0.3684072	1.654359	0.1379196
5046	-66.46813	-81.14304	14.67491	0.08832145	1.195324	0.3565567
5052	-66.94683	-81.82923	14.8824	0.2855162	0.3139248	0.7455394
5058	-69.5888	-83.79952	14.21071	0.4070762	0.5081006	1.002954
5064	-67.02857	-81.52517	14.49661	0.6092534	0.1904136	0.4370822
5070	-66.07752	-81.39577	15.31825	0.2066152	0.1466535	0.6373964
5076	-65.9656	-81.39357	15.42797	0.1033856	0.23947	0.8733639
5082	-68.57963	-82.85248	14.27285	0.3255427	0.3993443	1.199094
5088	-65.21353	-81.19021	15.97668	0.02864903	0.2141589	0.591635
5094	-66.01865	-81.0406	15.02195	0.1560949	0.2601614	1.065899
5100	-64.51295	-79.71561	15.20266	0.06162801	0.6081889	0.9262446
5106	-80.0989	-88.12089	8.021996	14.17752	1.668148	0.07834927
5112	-63.67728	-79.34758	15.67029	0.00906532	0.3630166	0.8075519
5118	-64.95321	-80.1489	15.19568	0.05548792	0.3464822	1.209038
5124	-67.84567	-81.15616	13.31049	1.49524	0.397919	0.7579819
5130	-65.03831	-78.94019	13.90188	0.8554775	0.4573657	0.6193647
5136	-62.91415	-77.94072	15.02657	0.04605612	1.044062	0.3532597
5142	-72.96766	-85.27251	12.30484	1.793505	0.2246561	1.627288
5148	-68.12204	-81.57158	13.44955	1.265157	0.3053336	0.9239514
5154	-67.51261	-82.70689	15.19428	0.09330249	0.5761322	0.7987986
5160	-68.74125	-81.64869	12.90745	1.437747	0.6773229	0.9587909
5166	-62.70689	-76.52275	13.81587	0.6387298	0.6773229	0.8395082
5172	-62.20644	-77.266	15.05956	0.1529386	0.02906909	1.246242
5178	-58.42646	-74.38317	15.95671	0.07906844	0.006583355	0.4909395
5184	-63.40607	-78.63696	15.2309	0.01068748	0.5557917	1.096639
5190	-66.75264	-82.32327	15.57062	0.04242865	0.0868271	1.165918
5196	-66.9878	-82.21887	15.23107	0.2295448	0.1979349	0.4636892
